###############################################################
#  Generated by:      Cadence Innovus 21.17-s075_1
#  OS:                Linux x86_64(Host ID ECEUBUNTU2)
#  Generated on:      Fri Dec  6 11:23:25 2024
#  Design:            torus_bp_D_W32
#  Command:           report_timing > asic-post-par-timing.$asictop.$datawidth.rpt
###############################################################
Path 1: MET Setup Check with Pin ys[3].xs[3].client_xy/i_d_r_reg[0]/CP 
Endpoint:   ys[3].xs[3].client_xy/i_d_r_reg[0]/D       (^) checked with  
leading edge of 'ideal_clock'
Beginpoint: ys[3].xs[3].torus_switch_xy/s0/o_b_r_reg/Q (v) triggered by  
leading edge of 'ideal_clock'
Path Groups: {ideal_clock}
Analysis View: view_functional_wcl_slow
Other End Arrival Time         -0.024
- Setup                         0.012
+ Phase Shift                   6.000
= Required Time                 5.964
- Arrival Time                  2.703
= Slack Time                    3.261
     Clock Rise Edge                 0.000
     + Clock Network Latency (Prop)  -0.022
     = Beginpoint Arrival Time       -0.022
     +-----------------------------------------------------------------------------------------------------------+ 
     |                      Instance                      |     Arc      |   Cell   | Delay | Arrival | Required | 
     |                                                    |              |          |       |  Time   |   Time   | 
     |----------------------------------------------------+--------------+----------+-------+---------+----------| 
     | ys[3].xs[3].torus_switch_xy/s0/o_b_r_reg           | CP ^         |          |       |  -0.022 |    3.240 | 
     | ys[3].xs[3].torus_switch_xy/s0/o_b_r_reg           | CP ^ -> Q v  | DFKCNQD1 | 0.151 |   0.129 |    3.391 | 
     | ys[3].xs[3].torus_switch_xy/s0/U12                 | I v -> ZN ^  | INVD1    | 0.283 |   0.413 |    3.674 | 
     | ys[3].xs[3].torus_switch_xy/s0/U8                  | I ^ -> ZN v  | INVD1    | 0.049 |   0.461 |    3.723 | 
     | ys[3].xs[3].torus_switch_xy/s0/FE_OFC20_e_b_2__3   | I v -> Z v   | CKBD3    | 0.244 |   0.705 |    3.967 | 
     | ys[3].xs[3].torus_switch_xy/s0/U13                 | B1 v -> ZN ^ | OAI22D1  | 0.236 |   0.941 |    4.203 | 
     | ys[3].xs[3].torus_switch_xy/dor_bp_inst/U12        | A1 ^ -> ZN v | ND2D1    | 0.092 |   1.034 |    4.295 | 
     | ys[3].xs[3].torus_switch_xy/dor_bp_inst/U7         | I v -> ZN ^  | INVD1    | 0.047 |   1.081 |    4.343 | 
     | ys[3].xs[3].torus_switch_xy/dor_bp_inst/U15        | A1 ^ -> Z ^  | AN3XD1   | 0.077 |   1.158 |    4.420 | 
     | ys[3].xs[3].torus_switch_xy/dor_bp_inst/U14        | A2 ^ -> Z ^  | OR2D1    | 0.061 |   1.220 |    4.481 | 
     | ys[3].xs[3].torus_switch_xy/dor_bp_inst/U3         | A1 ^ -> Z ^  | AN3XD1   | 0.307 |   1.527 |    4.788 | 
     | ys[3].xs[3].torus_switch_xy/dor_bp_inst/FE_OFC621_ | I ^ -> Z ^   | CKBD1    | 0.318 |   1.845 |    5.106 | 
     | dor_w2s                                            |              |          |       |         |          | 
     | ys[3].xs[3].torus_switch_xy/dor_bp_inst/U11        | A1 ^ -> ZN v | NR3D0    | 0.114 |   1.958 |    5.220 | 
     | ys[3].xs[3].torus_switch_xy/dor_bp_inst/U5         | I v -> ZN ^  | INVD1    | 0.053 |   2.012 |    5.273 | 
     | ys[3].xs[3].torus_switch_xy/dor_bp_inst/U10        | B2 ^ -> ZN v | OAI22D1  | 0.088 |   2.100 |    5.361 | 
     | ys[3].xs[3].client_xy/U15                          | A1 v -> ZN v | IND2D1   | 0.160 |   2.260 |    5.521 | 
     | ys[3].xs[3].client_xy/U9                           | A1 v -> ZN v | INR2D1   | 0.100 |   2.360 |    5.621 | 
     | ys[3].xs[3].client_xy/U7                           | A2 v -> ZN ^ | NR2XD1   | 0.204 |   2.564 |    5.826 | 
     | ys[3].xs[3].client_xy/U51                          | B2 ^ -> Z ^  | AO22D0   | 0.138 |   2.703 |    5.964 | 
     | ys[3].xs[3].client_xy/i_d_r_reg[0]                 | D ^          | DFQD1    | 0.000 |   2.703 |    5.964 | 
     +-----------------------------------------------------------------------------------------------------------+ 

