###############################################################
#  Generated by:      Cadence Innovus 21.17-s075_1
#  OS:                Linux x86_64(Host ID ECEUBUNTU2)
#  Generated on:      Fri Dec  6 13:23:53 2024
#  Design:            torus_credit_D_W32
#  Command:           report_timing > asic-post-par-timing.$asictop.$datawidth.rpt
###############################################################
Path 1: VIOLATED Setup Check with Pin ys[1].xs[2].torus_switch_xy/west_conn_rx/
gen_vc_logic[2].vc_fifo/fifo_data_reg[31][24]/CP 
Endpoint:   ys[1].xs[2].torus_switch_xy/west_conn_rx/gen_vc_logic[2].vc_fifo/
fifo_data_reg[31][24]/E (^) checked with  leading edge of 'ideal_clock'
Beginpoint: ys[1].xs[1].torus_switch_xy/west_conn_rx/gen_vc_logic[0].vc_fifo/
fifo_tail_reg[2]/Q      (^) triggered by  leading edge of 'ideal_clock'
Path Groups: {ideal_clock}
Analysis View: view_functional_wcl_slow
Other End Arrival Time          0.012
- Setup                         0.142
+ Phase Shift                   6.000
= Required Time                 5.869
- Arrival Time                  6.366
= Slack Time                   -0.497
     Clock Rise Edge                 0.000
     + Clock Network Latency (Prop)  -0.003
     = Beginpoint Arrival Time       -0.003
     +------------------------------------------------------------------------------------------------------------+ 
     |                      Instance                      |     Arc      |   Cell    | Delay | Arrival | Required | 
     |                                                    |              |           |       |  Time   |   Time   | 
     |----------------------------------------------------+--------------+-----------+-------+---------+----------| 
     | ys[1].xs[1].torus_switch_xy/west_conn_rx/gen_vc_lo | CP ^         |           |       |  -0.003 |   -0.499 | 
     | gic[0].vc_fifo/fifo_tail_reg[2]                    |              |           |       |         |          | 
     | ys[1].xs[1].torus_switch_xy/west_conn_rx/gen_vc_lo | CP ^ -> Q ^  | EDFKCNQD1 | 0.189 |   0.186 |   -0.310 | 
     | gic[0].vc_fifo/fifo_tail_reg[2]                    |              |           |       |         |          | 
     | ys[1].xs[1].torus_switch_xy/west_conn_rx/gen_vc_lo | I ^ -> ZN v  | INVD1     | 0.082 |   0.268 |   -0.228 | 
     | gic[0].vc_fifo/U470                                |              |           |       |         |          | 
     | ys[1].xs[1].torus_switch_xy/west_conn_rx/gen_vc_lo | A2 v -> ZN ^ | NR2D2     | 0.422 |   0.691 |    0.194 | 
     | gic[0].vc_fifo/U482                                |              |           |       |         |          | 
     | ys[1].xs[1].torus_switch_xy/west_conn_rx/gen_vc_lo | A2 ^ -> Z ^  | CKAN2D2   | 0.535 |   1.225 |    0.729 | 
     | gic[0].vc_fifo/U14                                 |              |           |       |         |          | 
     | ys[1].xs[1].torus_switch_xy/west_conn_rx/gen_vc_lo | I ^ -> Z ^   | CKBD0     | 0.132 |   1.358 |    0.861 | 
     | gic[0].vc_fifo/FE_OFC52_n12                        |              |           |       |         |          | 
     | ys[1].xs[1].torus_switch_xy/west_conn_rx/gen_vc_lo | I ^ -> Z ^   | BUFFD2    | 0.336 |   1.693 |    1.197 | 
     | gic[0].vc_fifo/FE_OFC2188_n12                      |              |           |       |         |          | 
     | ys[1].xs[1].torus_switch_xy/west_conn_rx/gen_vc_lo | B2 ^ -> ZN v | AOI221D0  | 0.220 |   1.913 |    1.416 | 
     | gic[0].vc_fifo/U1145                               |              |           |       |         |          | 
     | ys[1].xs[1].torus_switch_xy/west_conn_rx/gen_vc_lo | A1 v -> ZN ^ | ND4D0     | 0.077 |   1.990 |    1.493 | 
     | gic[0].vc_fifo/U1152                               |              |           |       |         |          | 
     | ys[1].xs[1].torus_switch_xy/west_conn_rx/gen_vc_lo | I ^ -> Z ^   | CKBD1     | 0.390 |   2.380 |    1.883 | 
     | gic[0].vc_fifo/FE_OFC8336_n655                     |              |           |       |         |          | 
     | ys[1].xs[1].torus_switch_xy/west_conn_rx/gen_vc_lo | B1 ^ -> Z ^  | AO22D0    | 0.403 |   2.782 |    2.286 | 
     | gic[0].vc_fifo/U1153                               |              |           |       |         |          | 
     | ys[1].xs[1].torus_switch_xy/west_conn_rx/U11       | A1 ^ -> Z ^  | AO222D1   | 0.363 |   3.146 |    2.649 | 
     | ys[1].xs[1].torus_switch_xy/dor_credit_inst/U6     | A1 ^ -> ZN ^ | INR2XD0   | 0.114 |   3.260 |    2.763 | 
     | ys[1].xs[1].torus_switch_xy/dor_credit_inst/FE_OFC | I ^ -> Z ^   | BUFFD2    | 0.175 |   3.435 |    2.939 | 
     | 8441_n10                                           |              |           |       |         |          | 
     | ys[1].xs[1].torus_switch_xy/dor_credit_inst/U7     | B2 ^ -> ZN v | INR3D1    | 0.146 |   3.581 |    3.084 | 
     | ys[1].xs[1].torus_switch_xy/dor_credit_inst/U25    | A1 v -> ZN v | IND4D1    | 0.142 |   3.723 |    3.227 | 
     | ys[1].xs[1].torus_switch_xy/dor_credit_inst/FE_OFC | I v -> Z v   | CKBD1     | 0.212 |   3.935 |    3.439 | 
     | 6643_n21                                           |              |           |       |         |          | 
     | ys[1].xs[1].torus_switch_xy/dor_credit_inst/U14    | I v -> ZN ^  | INVD1     | 0.243 |   4.178 |    3.682 | 
     | ys[1].xs[1].torus_switch_xy/dor_credit_inst/U30    | A2 ^ -> Z ^  | AO22D0    | 0.241 |   4.420 |    3.923 | 
     | ys[1].xs[1].torus_switch_xy/east_conn_tx/U17       | A1 ^ -> ZN ^ | INR2D1    | 0.096 |   4.516 |    4.019 | 
     | ys[1].xs[1].torus_switch_xy/east_conn_tx/FE_OFC658 | I ^ -> Z ^   | BUFFD2    | 0.268 |   4.784 |    4.287 | 
     | 6_ys_1__xs_1__noc_if_inst_east_vc_target_2         |              |           |       |         |          | 
     | ys[1].xs[2].torus_switch_xy/west_conn_rx/gen_vc_lo | A2 ^ -> ZN v | ND3D1     | 0.436 |   5.220 |    4.723 | 
     | gic[2].vc_fifo/U1220                               |              |           |       |         |          | 
     | ys[1].xs[2].torus_switch_xy/west_conn_rx/gen_vc_lo | A2 v -> ZN ^ | NR2D0     | 0.383 |   5.602 |    5.106 | 
     | gic[2].vc_fifo/U1205                               |              |           |       |         |          | 
     | ys[1].xs[2].torus_switch_xy/west_conn_rx/gen_vc_lo | I ^ -> Z ^   | CKBD1     | 0.380 |   5.982 |    5.486 | 
     | gic[2].vc_fifo/FE_OFC7363_n1214                    |              |           |       |         |          | 
     | ys[1].xs[2].torus_switch_xy/west_conn_rx/gen_vc_lo | I ^ -> Z ^   | CKBD1     | 0.381 |   6.363 |    5.867 | 
     | gic[2].vc_fifo/FE_OFC7364_n1214                    |              |           |       |         |          | 
     | ys[1].xs[2].torus_switch_xy/west_conn_rx/gen_vc_lo | E ^          | EDFQD1    | 0.003 |   6.366 |    5.869 | 
     | gic[2].vc_fifo/fifo_data_reg[31][24]               |              |           |       |         |          | 
     +------------------------------------------------------------------------------------------------------------+ 

