###############################################################
#  Generated by:      Cadence Innovus 21.17-s075_1
#  OS:                Linux x86_64(Host ID ECEUBUNTU2)
#  Generated on:      Fri Dec  6 11:12:43 2024
#  Design:            torus_D_W32
#  Command:           report_timing > asic-post-par-timing.$asictop.$datawidth.rpt
###############################################################
Path 1: MET Setup Check with Pin ys[0].xs[0].client_xy/i_d_r_reg[0]/CP 
Endpoint:   ys[0].xs[0].client_xy/i_d_r_reg[0]/D         (^) checked with  
leading edge of 'ideal_clock'
Beginpoint: ys[0].xs[0].torus_switch_xy/n_in_v_reg_reg/Q (v) triggered by  
leading edge of 'ideal_clock'
Path Groups: {ideal_clock}
Analysis View: view_functional_wcl_slow
Other End Arrival Time          0.006
- Setup                         0.012
+ Phase Shift                   6.000
= Required Time                 5.995
- Arrival Time                  2.218
= Slack Time                    3.777
     Clock Rise Edge                 0.000
     + Clock Network Latency (Prop)  -0.002
     = Beginpoint Arrival Time       -0.002
     +-----------------------------------------------------------------------------------------------------------+ 
     |                      Instance                      |     Arc      |   Cell   | Delay | Arrival | Required | 
     |                                                    |              |          |       |  Time   |   Time   | 
     |----------------------------------------------------+--------------+----------+-------+---------+----------| 
     | ys[0].xs[0].torus_switch_xy/n_in_v_reg_reg         | CP ^         |          |       |  -0.002 |    3.775 | 
     | ys[0].xs[0].torus_switch_xy/n_in_v_reg_reg         | CP ^ -> Q v  | DFKCNQD1 | 0.152 |   0.150 |    3.927 | 
     | ys[0].xs[0].torus_switch_xy/dor_inst/FE_OFC22_dor_ | I v -> Z v   | BUFFD2   | 0.191 |   0.341 |    4.117 | 
     | n2s                                                |              |          |       |         |          | 
     | ys[0].xs[0].torus_switch_xy/dor_inst/U18           | I v -> ZN ^  | INVD1    | 0.084 |   0.424 |    4.201 | 
     | ys[0].xs[0].torus_switch_xy/dor_inst/U17           | A2 ^ -> ZN v | ND2D1    | 0.059 |   0.483 |    4.260 | 
     | ys[0].xs[0].torus_switch_xy/dor_inst/U6            | A1 v -> ZN ^ | NR2D1    | 0.040 |   0.524 |    4.300 | 
     | ys[0].xs[0].torus_switch_xy/dor_inst/FE_OFC3_dor_w | I ^ -> Z ^   | BUFFD2   | 0.265 |   0.789 |    4.565 | 
     | 2s                                                 |              |          |       |         |          | 
     | ys[0].xs[0].torus_switch_xy/dor_inst/U10           | A1 ^ -> Z ^  | OR3D1    | 0.145 |   0.934 |    4.711 | 
     | ys[0].xs[0].torus_switch_xy/dor_inst/U3            | B2 ^ -> ZN v | OAI32D1  | 0.048 |   0.982 |    4.758 | 
     | ys[0].xs[0].client_xy/FE_OFC632_i_ack_0__0         | I v -> Z v   | CKBD0    | 0.243 |   1.224 |    5.001 | 
     | ys[0].xs[0].client_xy/U15                          | A1 v -> ZN v | IND2D1   | 0.203 |   1.427 |    5.204 | 
     | ys[0].xs[0].client_xy/U9                           | A1 v -> ZN v | INR2D1   | 0.095 |   1.522 |    5.299 | 
     | ys[0].xs[0].client_xy/U7                           | A2 v -> ZN ^ | NR2D1    | 0.259 |   1.781 |    5.558 | 
     | ys[0].xs[0].client_xy/FE_OFC631_n23                | I ^ -> Z ^   | CKBD1    | 0.290 |   2.072 |    5.848 | 
     | ys[0].xs[0].client_xy/U51                          | B2 ^ -> Z ^  | AO22D0   | 0.146 |   2.218 |    5.995 | 
     | ys[0].xs[0].client_xy/i_d_r_reg[0]                 | D ^          | DFQD1    | 0.000 |   2.218 |    5.995 | 
     +-----------------------------------------------------------------------------------------------------------+ 

