###############################################################
#  Generated by:      Cadence Innovus 21.17-s075_1
#  OS:                Linux x86_64(Host ID ECEUBUNTU2)
#  Generated on:      Tue Nov 26 13:56:46 2024
#  Design:            torus_D_W32
#  Command:           report_timing > asic-post-par-timing.$asictop.$datawidth.rpt
###############################################################
Path 1: MET Setup Check with Pin ys[1].xs[1].cli/packet_num_reg[31]/CP 
Endpoint:   ys[1].xs[1].cli/packet_num_reg[31]/D (v) checked with  leading edge 
of 'ideal_clock'
Beginpoint: ys[1].xs[1].cli/packet_num_reg[0]/Q  (^) triggered by  leading edge 
of 'ideal_clock'
Path Groups: {ideal_clock}
Analysis View: view_functional_wcl_slow
Other End Arrival Time         -0.007
- Setup                         0.137
+ Phase Shift                   6.000
= Required Time                 5.856
- Arrival Time                  2.831
= Slack Time                    3.025
     Clock Rise Edge                 0.000
     + Clock Network Latency (Prop)  -0.007
     = Beginpoint Arrival Time       -0.007
     +-------------------------------------------------------------------------------------------+ 
     |              Instance              |     Arc     |   Cell    | Delay | Arrival | Required | 
     |                                    |             |           |       |  Time   |   Time   | 
     |------------------------------------+-------------+-----------+-------+---------+----------| 
     | ys[1].xs[1].cli/packet_num_reg[0]  | CP ^        |           |       |  -0.007 |    3.018 | 
     | ys[1].xs[1].cli/packet_num_reg[0]  | CP ^ -> Q ^ | EDFKCNQD1 | 0.149 |   0.142 |    3.167 | 
     | ys[1].xs[1].cli/add_58/U1_1_1      | B ^ -> CO ^ | HA1D0     | 0.100 |   0.243 |    3.268 | 
     | ys[1].xs[1].cli/add_58/U4          | A2 ^ -> Z ^ | AN2XD1    | 0.067 |   0.310 |    3.335 | 
     | ys[1].xs[1].cli/add_58/U1_1_3      | B ^ -> CO ^ | HA1D0     | 0.086 |   0.396 |    3.421 | 
     | ys[1].xs[1].cli/add_58/U8          | A2 ^ -> Z ^ | AN2XD1    | 0.063 |   0.460 |    3.484 | 
     | ys[1].xs[1].cli/add_58/U1_1_5      | B ^ -> CO ^ | HA1D0     | 0.090 |   0.550 |    3.574 | 
     | ys[1].xs[1].cli/add_58/U1_1_6      | B ^ -> CO ^ | HA1D0     | 0.096 |   0.646 |    3.670 | 
     | ys[1].xs[1].cli/add_58/U1_1_7      | B ^ -> CO ^ | HA1D0     | 0.098 |   0.744 |    3.769 | 
     | ys[1].xs[1].cli/add_58/U1_1_8      | B ^ -> CO ^ | HA1D0     | 0.094 |   0.838 |    3.862 | 
     | ys[1].xs[1].cli/add_58/U1_1_9      | B ^ -> CO ^ | HA1D0     | 0.094 |   0.932 |    3.957 | 
     | ys[1].xs[1].cli/add_58/U6          | A2 ^ -> Z ^ | AN2XD1    | 0.065 |   0.997 |    4.022 | 
     | ys[1].xs[1].cli/add_58/U1_1_11     | B ^ -> CO ^ | HA1D0     | 0.085 |   1.082 |    4.107 | 
     | ys[1].xs[1].cli/add_58/U1_1_12     | B ^ -> CO ^ | HA1D0     | 0.098 |   1.180 |    4.205 | 
     | ys[1].xs[1].cli/add_58/U1_1_13     | B ^ -> CO ^ | HA1D0     | 0.102 |   1.283 |    4.308 | 
     | ys[1].xs[1].cli/add_58/U1_1_14     | B ^ -> CO ^ | HA1D0     | 0.095 |   1.378 |    4.403 | 
     | ys[1].xs[1].cli/add_58/U1_1_15     | B ^ -> CO ^ | HA1D0     | 0.090 |   1.468 |    4.493 | 
     | ys[1].xs[1].cli/add_58/U2          | A2 ^ -> Z ^ | AN2XD1    | 0.064 |   1.532 |    4.557 | 
     | ys[1].xs[1].cli/add_58/U1_1_17     | B ^ -> CO ^ | HA1D0     | 0.092 |   1.624 |    4.649 | 
     | ys[1].xs[1].cli/add_58/U1_1_18     | B ^ -> CO ^ | HA1D0     | 0.094 |   1.718 |    4.743 | 
     | ys[1].xs[1].cli/add_58/U1_1_19     | B ^ -> CO ^ | HA1D0     | 0.091 |   1.809 |    4.833 | 
     | ys[1].xs[1].cli/add_58/U7          | A2 ^ -> Z ^ | AN2XD1    | 0.063 |   1.872 |    4.897 | 
     | ys[1].xs[1].cli/add_58/U1_1_21     | B ^ -> CO ^ | HA1D0     | 0.118 |   1.990 |    5.015 | 
     | ys[1].xs[1].cli/add_58/U1          | A2 ^ -> Z ^ | AN2XD1    | 0.074 |   2.063 |    5.088 | 
     | ys[1].xs[1].cli/add_58/U1_1_23     | B ^ -> CO ^ | HA1D0     | 0.091 |   2.154 |    5.179 | 
     | ys[1].xs[1].cli/add_58/U1_1_24     | B ^ -> CO ^ | HA1D0     | 0.090 |   2.244 |    5.269 | 
     | ys[1].xs[1].cli/add_58/U5          | A2 ^ -> Z ^ | AN2XD1    | 0.062 |   2.306 |    5.330 | 
     | ys[1].xs[1].cli/add_58/U1_1_26     | B ^ -> CO ^ | HA1D0     | 0.087 |   2.393 |    5.417 | 
     | ys[1].xs[1].cli/add_58/U3          | A2 ^ -> Z ^ | AN2XD1    | 0.063 |   2.456 |    5.481 | 
     | ys[1].xs[1].cli/add_58/U1_1_28     | B ^ -> CO ^ | HA1D0     | 0.093 |   2.549 |    5.574 | 
     | ys[1].xs[1].cli/add_58/U1_1_29     | B ^ -> CO ^ | HA1D0     | 0.098 |   2.647 |    5.672 | 
     | ys[1].xs[1].cli/add_58/U1_1_30     | B ^ -> CO ^ | HA1D0     | 0.081 |   2.728 |    5.753 | 
     | ys[1].xs[1].cli/add_58/U18         | A1 ^ -> Z v | CKXOR2D0  | 0.103 |   2.831 |    5.856 | 
     | ys[1].xs[1].cli/packet_num_reg[31] | D v         | EDFKCNQD1 | 0.000 |   2.831 |    5.856 | 
     +-------------------------------------------------------------------------------------------+ 

