###############################################################
#  Generated by:      Cadence Innovus 21.17-s075_1
#  OS:                Linux x86_64(Host ID ECEUBUNTU2)
#  Generated on:      Tue Nov 26 14:25:28 2024
#  Design:            torus_bp_D_W32
#  Command:           report_timing > asic-post-par-timing.$asictop.$datawidth.rpt
###############################################################
Path 1: MET Setup Check with Pin ys[1].xs[2].cli/packet_num_reg[31]/CP 
Endpoint:   ys[1].xs[2].cli/packet_num_reg[31]/D (v) checked with  leading edge 
of 'ideal_clock'
Beginpoint: ys[1].xs[2].cli/packet_num_reg[0]/Q  (^) triggered by  leading edge 
of 'ideal_clock'
Path Groups: {ideal_clock}
Analysis View: view_functional_wcl_slow
Other End Arrival Time         -0.011
- Setup                         0.137
+ Phase Shift                   6.000
= Required Time                 5.852
- Arrival Time                  2.772
= Slack Time                    3.080
     Clock Rise Edge                 0.000
     + Clock Network Latency (Prop)  -0.011
     = Beginpoint Arrival Time       -0.011
     +-------------------------------------------------------------------------------------------+ 
     |              Instance              |     Arc     |   Cell    | Delay | Arrival | Required | 
     |                                    |             |           |       |  Time   |   Time   | 
     |------------------------------------+-------------+-----------+-------+---------+----------| 
     | ys[1].xs[2].cli/packet_num_reg[0]  | CP ^        |           |       |  -0.011 |    3.069 | 
     | ys[1].xs[2].cli/packet_num_reg[0]  | CP ^ -> Q ^ | EDFKCNQD1 | 0.151 |   0.140 |    3.220 | 
     | ys[1].xs[2].cli/add_58/U1_1_1      | B ^ -> CO ^ | HA1D0     | 0.092 |   0.232 |    3.312 | 
     | ys[1].xs[2].cli/add_58/U4          | A2 ^ -> Z ^ | AN2XD1    | 0.064 |   0.296 |    3.376 | 
     | ys[1].xs[2].cli/add_58/U1_1_3      | B ^ -> CO ^ | HA1D0     | 0.085 |   0.381 |    3.461 | 
     | ys[1].xs[2].cli/add_58/U8          | A2 ^ -> Z ^ | AN2XD1    | 0.064 |   0.445 |    3.525 | 
     | ys[1].xs[2].cli/add_58/U1_1_5      | B ^ -> CO ^ | HA1D0     | 0.088 |   0.533 |    3.614 | 
     | ys[1].xs[2].cli/add_58/U1_1_6      | B ^ -> CO ^ | HA1D0     | 0.092 |   0.626 |    3.706 | 
     | ys[1].xs[2].cli/add_58/U1_1_7      | B ^ -> CO ^ | HA1D0     | 0.095 |   0.720 |    3.801 | 
     | ys[1].xs[2].cli/add_58/U1_1_8      | B ^ -> CO ^ | HA1D0     | 0.097 |   0.817 |    3.898 | 
     | ys[1].xs[2].cli/add_58/U1_1_9      | B ^ -> CO ^ | HA1D0     | 0.088 |   0.905 |    3.985 | 
     | ys[1].xs[2].cli/add_58/U6          | A2 ^ -> Z ^ | AN2XD1    | 0.061 |   0.966 |    4.046 | 
     | ys[1].xs[2].cli/add_58/U1_1_11     | B ^ -> CO ^ | HA1D0     | 0.090 |   1.056 |    4.136 | 
     | ys[1].xs[2].cli/add_58/U1_1_12     | B ^ -> CO ^ | HA1D0     | 0.092 |   1.148 |    4.228 | 
     | ys[1].xs[2].cli/add_58/U1_1_13     | B ^ -> CO ^ | HA1D0     | 0.101 |   1.249 |    4.329 | 
     | ys[1].xs[2].cli/add_58/U1_1_14     | B ^ -> CO ^ | HA1D0     | 0.100 |   1.349 |    4.429 | 
     | ys[1].xs[2].cli/add_58/U1_1_15     | B ^ -> CO ^ | HA1D0     | 0.100 |   1.448 |    4.529 | 
     | ys[1].xs[2].cli/add_58/U3          | A2 ^ -> Z ^ | AN2XD1    | 0.066 |   1.514 |    4.594 | 
     | ys[1].xs[2].cli/add_58/U1_1_17     | B ^ -> CO ^ | HA1D0     | 0.088 |   1.602 |    4.682 | 
     | ys[1].xs[2].cli/add_58/U1_1_18     | B ^ -> CO ^ | HA1D0     | 0.095 |   1.697 |    4.778 | 
     | ys[1].xs[2].cli/add_58/U1_1_19     | B ^ -> CO ^ | HA1D0     | 0.086 |   1.783 |    4.864 | 
     | ys[1].xs[2].cli/add_58/U7          | A2 ^ -> Z ^ | AN2XD1    | 0.062 |   1.846 |    4.926 | 
     | ys[1].xs[2].cli/add_58/U1_1_21     | B ^ -> CO ^ | HA1D0     | 0.103 |   1.949 |    5.029 | 
     | ys[1].xs[2].cli/add_58/U2          | A2 ^ -> Z ^ | AN2XD1    | 0.069 |   2.018 |    5.098 | 
     | ys[1].xs[2].cli/add_58/U1_1_23     | B ^ -> CO ^ | HA1D0     | 0.096 |   2.114 |    5.195 | 
     | ys[1].xs[2].cli/add_58/U1_1_24     | B ^ -> CO ^ | HA1D0     | 0.092 |   2.207 |    5.287 | 
     | ys[1].xs[2].cli/add_58/U5          | A2 ^ -> Z ^ | AN2XD1    | 0.063 |   2.270 |    5.350 | 
     | ys[1].xs[2].cli/add_58/U1_1_26     | B ^ -> CO ^ | HA1D0     | 0.085 |   2.355 |    5.435 | 
     | ys[1].xs[2].cli/add_58/U1          | A2 ^ -> Z ^ | AN2XD1    | 0.063 |   2.418 |    5.498 | 
     | ys[1].xs[2].cli/add_58/U1_1_28     | B ^ -> CO ^ | HA1D0     | 0.091 |   2.509 |    5.589 | 
     | ys[1].xs[2].cli/add_58/U1_1_29     | B ^ -> CO ^ | HA1D0     | 0.093 |   2.601 |    5.681 | 
     | ys[1].xs[2].cli/add_58/U1_1_30     | B ^ -> CO ^ | HA1D0     | 0.081 |   2.682 |    5.762 | 
     | ys[1].xs[2].cli/add_58/U18         | A1 ^ -> Z v | CKXOR2D0  | 0.090 |   2.772 |    5.852 | 
     | ys[1].xs[2].cli/packet_num_reg[31] | D v         | EDFKCNQD1 | 0.000 |   2.772 |    5.852 | 
     +-------------------------------------------------------------------------------------------+ 

