Information: Updating design information... (UID-85)
Warning: Design 'torus_D_W32' contains 1 high-fanout nets. A fanout number of 1000 will be used for delay calculations involving these nets. (TIM-134)
 
****************************************
Report : timing
        -path full
        -delay max
        -nets
        -max_paths 1
        -transition_time
Design : torus_D_W32
Version: R-2020.09-SP1
Date   : Fri Dec  6 11:03:33 2024
****************************************

 # A fanout number of 1000 was used for high fanout net computations.

Operating Conditions: BCCOM   Library: tcbn65gplusbc
Wire Load Model Mode: segmented

  Startpoint: ys[1].xs[1].torus_switch_xy/w_in_y_reg_reg[0]
              (rising edge-triggered flip-flop clocked by ideal_clock1)
  Endpoint: ys[1].xs[1].client_xy/i_y_r_reg[1]
            (rising edge-triggered flip-flop clocked by ideal_clock1)
  Path Group: ideal_clock1
  Path Type: max

  Des/Clust/Port     Wire Load Model       Library
  ------------------------------------------------
  token_bucket_SIGMA3_RATE20_15 ZeroWireload tcbn65gplusbc
  token_bucket_SIGMA3_RATE20_14 ZeroWireload tcbn65gplusbc
  token_bucket_SIGMA3_RATE20_13 ZeroWireload tcbn65gplusbc
  token_bucket_SIGMA3_RATE20_12 ZeroWireload tcbn65gplusbc
  token_bucket_SIGMA3_RATE20_11 ZeroWireload tcbn65gplusbc
  token_bucket_SIGMA3_RATE20_10 ZeroWireload tcbn65gplusbc
  token_bucket_SIGMA3_RATE20_9 ZeroWireload tcbn65gplusbc
  token_bucket_SIGMA3_RATE20_8 ZeroWireload tcbn65gplusbc
  token_bucket_SIGMA3_RATE20_7 ZeroWireload tcbn65gplusbc
  token_bucket_SIGMA3_RATE20_6 ZeroWireload tcbn65gplusbc
  token_bucket_SIGMA3_RATE20_5 ZeroWireload tcbn65gplusbc
  token_bucket_SIGMA3_RATE20_4 ZeroWireload tcbn65gplusbc
  token_bucket_SIGMA3_RATE20_3 ZeroWireload tcbn65gplusbc
  token_bucket_SIGMA3_RATE20_2 ZeroWireload tcbn65gplusbc
  token_bucket_SIGMA3_RATE20_1 ZeroWireload tcbn65gplusbc
  token_bucket_SIGMA3_RATE20_0 ZeroWireload tcbn65gplusbc
  torus_switch_X_W2_Y_W2_D_W32_X3_Y3 ZeroWireload tcbn65gplusbc
  client_SIGMA3_RATE20_VC_W3_X_W2_Y_W2_X3_Y3_D_W32_N_PACKETS128_X_MAX4_Y_MAX4 ZeroWireload tcbn65gplusbc
  torus_switch_X_W2_Y_W2_D_W32_X2_Y3 ZeroWireload tcbn65gplusbc
  client_SIGMA3_RATE20_VC_W3_X_W2_Y_W2_X2_Y3_D_W32_N_PACKETS128_X_MAX4_Y_MAX4 ZeroWireload tcbn65gplusbc
  torus_switch_X_W2_Y_W2_D_W32_X1_Y3 ZeroWireload tcbn65gplusbc
  client_SIGMA3_RATE20_VC_W3_X_W2_Y_W2_X1_Y3_D_W32_N_PACKETS128_X_MAX4_Y_MAX4 ZeroWireload tcbn65gplusbc
  torus_switch_X_W2_Y_W2_D_W32_X0_Y3 ZeroWireload tcbn65gplusbc
  client_SIGMA3_RATE20_VC_W3_X_W2_Y_W2_X0_Y3_D_W32_N_PACKETS128_X_MAX4_Y_MAX4 ZeroWireload tcbn65gplusbc
  torus_switch_X_W2_Y_W2_D_W32_X3_Y2 ZeroWireload tcbn65gplusbc
  client_SIGMA3_RATE20_VC_W3_X_W2_Y_W2_X3_Y2_D_W32_N_PACKETS128_X_MAX4_Y_MAX4 ZeroWireload tcbn65gplusbc
  torus_switch_X_W2_Y_W2_D_W32_X2_Y2 ZeroWireload tcbn65gplusbc
  client_SIGMA3_RATE20_VC_W3_X_W2_Y_W2_X2_Y2_D_W32_N_PACKETS128_X_MAX4_Y_MAX4 ZeroWireload tcbn65gplusbc
  torus_switch_X_W2_Y_W2_D_W32_X1_Y2 ZeroWireload tcbn65gplusbc
  client_SIGMA3_RATE20_VC_W3_X_W2_Y_W2_X1_Y2_D_W32_N_PACKETS128_X_MAX4_Y_MAX4 ZeroWireload tcbn65gplusbc
  torus_switch_X_W2_Y_W2_D_W32_X0_Y2 ZeroWireload tcbn65gplusbc
  client_SIGMA3_RATE20_VC_W3_X_W2_Y_W2_X0_Y2_D_W32_N_PACKETS128_X_MAX4_Y_MAX4 ZeroWireload tcbn65gplusbc
  torus_switch_X_W2_Y_W2_D_W32_X3_Y1 ZeroWireload tcbn65gplusbc
  client_SIGMA3_RATE20_VC_W3_X_W2_Y_W2_X3_Y1_D_W32_N_PACKETS128_X_MAX4_Y_MAX4 ZeroWireload tcbn65gplusbc
  torus_switch_X_W2_Y_W2_D_W32_X2_Y1 ZeroWireload tcbn65gplusbc
  client_SIGMA3_RATE20_VC_W3_X_W2_Y_W2_X2_Y1_D_W32_N_PACKETS128_X_MAX4_Y_MAX4 ZeroWireload tcbn65gplusbc
  torus_switch_X_W2_Y_W2_D_W32_X1_Y1 ZeroWireload tcbn65gplusbc
  client_SIGMA3_RATE20_VC_W3_X_W2_Y_W2_X1_Y1_D_W32_N_PACKETS128_X_MAX4_Y_MAX4 ZeroWireload tcbn65gplusbc
  torus_switch_X_W2_Y_W2_D_W32_X0_Y1 ZeroWireload tcbn65gplusbc
  client_SIGMA3_RATE20_VC_W3_X_W2_Y_W2_X0_Y1_D_W32_N_PACKETS128_X_MAX4_Y_MAX4 ZeroWireload tcbn65gplusbc
  torus_switch_X_W2_Y_W2_D_W32_X3_Y0 ZeroWireload tcbn65gplusbc
  client_SIGMA3_RATE20_VC_W3_X_W2_Y_W2_X3_Y0_D_W32_N_PACKETS128_X_MAX4_Y_MAX4 ZeroWireload tcbn65gplusbc
  torus_switch_X_W2_Y_W2_D_W32_X2_Y0 ZeroWireload tcbn65gplusbc
  client_SIGMA3_RATE20_VC_W3_X_W2_Y_W2_X2_Y0_D_W32_N_PACKETS128_X_MAX4_Y_MAX4 ZeroWireload tcbn65gplusbc
  torus_switch_X_W2_Y_W2_D_W32_X1_Y0 ZeroWireload tcbn65gplusbc
  client_SIGMA3_RATE20_VC_W3_X_W2_Y_W2_X1_Y0_D_W32_N_PACKETS128_X_MAX4_Y_MAX4 ZeroWireload tcbn65gplusbc
  torus_switch_X_W2_Y_W2_D_W32_X0_Y0 ZeroWireload tcbn65gplusbc
  torus_D_W32        ZeroWireload          tcbn65gplusbc
  client_SIGMA3_RATE20_VC_W3_X_W2_Y_W2_X0_Y0_D_W32_N_PACKETS128_X_MAX4_Y_MAX4 ZeroWireload tcbn65gplusbc
  torus_xbar_1b_364  ZeroWireload          tcbn65gplusbc
  dor_X_W2_Y_W2_X1_Y1 ZeroWireload         tcbn65gplusbc

Attributes:
    d - dont_touch
    u - dont_use
   mo - map_only
   so - size_only
    i - ideal_net or ideal_network
  inf - infeasible path

  Point                                       Fanout     Trans      Incr       Path      Attributes
  ---------------------------------------------------------------------------------------------------------
  clock ideal_clock1 (rise edge)                                    0.00       0.00
  clock network delay (ideal)                                       0.00       0.00
  ys[1].xs[1].torus_switch_xy/w_in_y_reg_reg[0]/CP (DFKCNQD1)     0.00     0.00 #     0.00 r
  ys[1].xs[1].torus_switch_xy/w_in_y_reg_reg[0]/Q (DFKCNQD1)     0.02     0.05     0.05 r
  ys[1].xs[1].torus_switch_xy/w_in_y_reg[0] (net)     3             0.00       0.05 r
  ys[1].xs[1].torus_switch_xy/dor_inst/w_y[0] (dor_X_W2_Y_W2_X1_Y1)     0.00     0.05 r
  ys[1].xs[1].torus_switch_xy/dor_inst/w_y[0] (net)                 0.00       0.05 r
  ys[1].xs[1].torus_switch_xy/dor_inst/U12/ZN (INR2D1)     0.03     0.03       0.08 r
  ys[1].xs[1].torus_switch_xy/dor_inst/n16 (net)     2              0.00       0.08 r
  ys[1].xs[1].torus_switch_xy/dor_inst/U4/ZN (IND2D1)     0.02      0.02       0.10 r
  ys[1].xs[1].torus_switch_xy/dor_inst/n8 (net)     2               0.00       0.10 r
  ys[1].xs[1].torus_switch_xy/dor_inst/U15/Z (AN2XD1)     0.01      0.02       0.12 r
  ys[1].xs[1].torus_switch_xy/dor_inst/n14 (net)     2              0.00       0.12 r
  ys[1].xs[1].torus_switch_xy/dor_inst/U6/ZN (NR2D1)      0.01      0.01       0.13 f
  ys[1].xs[1].torus_switch_xy/dor_inst/n19 (net)     1              0.00       0.13 f
  ys[1].xs[1].torus_switch_xy/dor_inst/U5/Z (CKBD1)       0.02      0.02       0.15 f
  ys[1].xs[1].torus_switch_xy/dor_inst/w2s (net)     4              0.00       0.15 f
  ys[1].xs[1].torus_switch_xy/dor_inst/U10/Z (OR3D1)      0.02      0.04       0.19 f
  ys[1].xs[1].torus_switch_xy/dor_inst/n5 (net)     3               0.00       0.19 f
  ys[1].xs[1].torus_switch_xy/dor_inst/U3/ZN (OAI32D1)     0.07     0.04       0.22 r
  ys[1].xs[1].torus_switch_xy/dor_inst/i_ack (net)     3            0.00       0.22 r
  ys[1].xs[1].torus_switch_xy/dor_inst/i_ack (dor_X_W2_Y_W2_X1_Y1)     0.00     0.22 r
  ys[1].xs[1].torus_switch_xy/i_ack (net)                           0.00       0.22 r
  ys[1].xs[1].torus_switch_xy/i_ack (torus_switch_X_W2_Y_W2_D_W32_X1_Y1)     0.00     0.22 r
  i_ack[1][1] (net)                                                 0.00       0.22 r
  ys[1].xs[1].client_xy/i_ack (client_SIGMA3_RATE20_VC_W3_X_W2_Y_W2_X1_Y1_D_W32_N_PACKETS128_X_MAX4_Y_MAX4)     0.00     0.22 r
  ys[1].xs[1].client_xy/i_ack (net)                                 0.00       0.22 r
  ys[1].xs[1].client_xy/U15/ZN (IND2D1)                   0.06      0.05       0.27 r
  ys[1].xs[1].client_xy/n25 (net)               9                   0.00       0.27 r
  ys[1].xs[1].client_xy/U8/ZN (ND2D1)                     0.02      0.02       0.29 f
  ys[1].xs[1].client_xy/n14 (net)               2                   0.00       0.29 f
  ys[1].xs[1].client_xy/U6/ZN (INVD1)                     0.03      0.02       0.31 r
  ys[1].xs[1].client_xy/n15 (net)               5                   0.00       0.31 r
  ys[1].xs[1].client_xy/U18/Z (AN2XD1)                    0.01      0.02       0.33 r
  ys[1].xs[1].client_xy/n2 (net)                1                   0.00       0.33 r
  ys[1].xs[1].client_xy/U17/Z (CKXOR2D1)                  0.01      0.03       0.37 f
  ys[1].xs[1].client_xy/n1 (net)                1                   0.00       0.37 f
  ys[1].xs[1].client_xy/i_y_r_reg[1]/D (EDFKCNQD1)        0.01      0.00       0.37 f
  data arrival time                                                            0.37

  clock ideal_clock1 (rise edge)                                    1.00       1.00
  clock network delay (ideal)                                       0.00       1.00
  ys[1].xs[1].client_xy/i_y_r_reg[1]/CP (EDFKCNQD1)                 0.00       1.00 r
  library setup time                                               -0.06       0.94
  data required time                                                           0.94
  ---------------------------------------------------------------------------------------------------------
  data required time                                                           0.94
  data arrival time                                                           -0.37
  ---------------------------------------------------------------------------------------------------------
  slack (MET)                                                                  0.57


1
