    Hinst Name                                                      Module Name                                                                                                                                                  Inst Count           Total Area
-------------------------------------------------------------------------------------------------------------------------------------------------------------------------------------------------------------------------------------------------------------
torus_credit_D_W32                                                                                                                                                                                                                   119142           796279.064
 ys[0].xs[0].client_xy                                              client_SIGMA3_RATE20_VC_W3_X_W2_Y_W2_X0_Y0_D_W32_N_PACKETS128_X_MAX4_Y_MAX4                                                                                         156              650.160
  ys[0].xs[0].client_xy/regulator                                   token_bucket_SIGMA3_RATE20_0                                                                                                                                         27              102.240
 ys[0].xs[0].torus_switch_xy                                        torus_switch_credit_VC_W3_X_W2_Y_W2_D_W32_X_MAX4_Y_MAX4_X0_Y0_I_to_east_rx_noc_if__VC_W_3_X_W_2_Y_W_2_D_W_32I_from_west_tx_noc_if__VC_W_3_X_W_2_Y_W_2_D_W_32       7025            43089.242
  ys[0].xs[0].torus_switch_xy/dor_credit_inst                       DOR_CREDIT_X_W2_Y_W2_X0_Y0                                                                                                                                           40              105.120
  ys[0].xs[0].torus_switch_xy/east_conn_tx                          credit_bp_tx_VC_W3_D_W32_X_W2_Y_W2_A_W4_DEPTH32_I_to_rx_noc_if_transmitter_VC_W_3_X_W_2_Y_W_2_D_W_32_0                                                              105              356.040
  ys[0].xs[0].torus_switch_xy/west_conn_rx                          credit_bp_rx_VC_W3_D_W32_X_W2_Y_W2_A_W4_DEPTH32_I_from_tx_noc_if_receiver_VC_W_3_X_W_2_Y_W_2_D_W_32_0                                                              6500            41081.040
   ys[0].xs[0].torus_switch_xy/west_conn_rx/gen_vc_logic[0].vc_fifo fifo32_DEPTH321_WIDTH36_RLATENCY0_0                                                                                                                                2120            13556.520
   ys[0].xs[0].torus_switch_xy/west_conn_rx/gen_vc_logic[1].vc_fifo fifo32_DEPTH321_WIDTH36_RLATENCY0_47                                                                                                                               2101            13490.640
   ys[0].xs[0].torus_switch_xy/west_conn_rx/gen_vc_logic[2].vc_fifo fifo32_DEPTH321_WIDTH36_RLATENCY0_46                                                                                                                               2098            13513.320
 ys[0].xs[1].client_xy                                              client_SIGMA3_RATE20_VC_W3_X_W2_Y_W2_X1_Y0_D_W32_N_PACKETS128_X_MAX4_Y_MAX4                                                                                         151              645.480
  ys[0].xs[1].client_xy/regulator                                   token_bucket_SIGMA3_RATE20_15                                                                                                                                        27              102.240
 ys[0].xs[1].torus_switch_xy                                        torus_switch_credit_VC_W3_X_W2_Y_W2_D_W32_X_MAX4_Y_MAX4_X1_Y0_I_to_east_rx_noc_if__VC_W_3_X_W_2_Y_W_2_D_W_32I_from_west_tx_noc_if__VC_W_3_X_W_2_Y_W_2_D_W_32       7027            42883.094
  ys[0].xs[1].torus_switch_xy/dor_credit_inst                       DOR_CREDIT_X_W2_Y_W2_X1_Y0                                                                                                                                           39               89.280
  ys[0].xs[1].torus_switch_xy/east_conn_tx                          credit_bp_tx_VC_W3_D_W32_X_W2_Y_W2_A_W4_DEPTH32_I_to_rx_noc_if_transmitter_VC_W_3_X_W_2_Y_W_2_D_W_32_15                                                             102              355.320
  ys[0].xs[1].torus_switch_xy/west_conn_rx                          credit_bp_rx_VC_W3_D_W32_X_W2_Y_W2_A_W4_DEPTH32_I_from_tx_noc_if_receiver_VC_W_3_X_W_2_Y_W_2_D_W_32_15                                                             6487            40874.171
   ys[0].xs[1].torus_switch_xy/west_conn_rx/gen_vc_logic[0].vc_fifo fifo32_DEPTH321_WIDTH36_RLATENCY0_45                                                                                                                               2076            13413.600
   ys[0].xs[1].torus_switch_xy/west_conn_rx/gen_vc_logic[1].vc_fifo fifo32_DEPTH321_WIDTH36_RLATENCY0_44                                                                                                                               2092            13442.400
   ys[0].xs[1].torus_switch_xy/west_conn_rx/gen_vc_logic[2].vc_fifo fifo32_DEPTH321_WIDTH36_RLATENCY0_43                                                                                                                               2122            13503.371
 ys[0].xs[2].client_xy                                              client_SIGMA3_RATE20_VC_W3_X_W2_Y_W2_X2_Y0_D_W32_N_PACKETS128_X_MAX4_Y_MAX4                                                                                         144              624.240
  ys[0].xs[2].client_xy/regulator                                   token_bucket_SIGMA3_RATE20_14                                                                                                                                        27              102.240
 ys[0].xs[2].torus_switch_xy                                        torus_switch_credit_VC_W3_X_W2_Y_W2_D_W32_X_MAX4_Y_MAX4_X2_Y0_I_to_east_rx_noc_if__VC_W_3_X_W_2_Y_W_2_D_W_32I_from_west_tx_noc_if__VC_W_3_X_W_2_Y_W_2_D_W_32       7037            42962.425
  ys[0].xs[2].torus_switch_xy/dor_credit_inst                       DOR_CREDIT_X_W2_Y_W2_X2_Y0                                                                                                                                           42               88.920
  ys[0].xs[2].torus_switch_xy/east_conn_tx                          credit_bp_tx_VC_W3_D_W32_X_W2_Y_W2_A_W4_DEPTH32_I_to_rx_noc_if_transmitter_VC_W_3_X_W_2_Y_W_2_D_W_32_14                                                             102              343.440
  ys[0].xs[2].torus_switch_xy/west_conn_rx                          credit_bp_rx_VC_W3_D_W32_X_W2_Y_W2_A_W4_DEPTH32_I_from_tx_noc_if_receiver_VC_W_3_X_W_2_Y_W_2_D_W_32_14                                                             6484            40963.223
   ys[0].xs[2].torus_switch_xy/west_conn_rx/gen_vc_logic[0].vc_fifo fifo32_DEPTH321_WIDTH36_RLATENCY0_42                                                                                                                               2084            13474.343
   ys[0].xs[2].torus_switch_xy/west_conn_rx/gen_vc_logic[1].vc_fifo fifo32_DEPTH321_WIDTH36_RLATENCY0_41                                                                                                                               2078            13413.600
   ys[0].xs[2].torus_switch_xy/west_conn_rx/gen_vc_logic[2].vc_fifo fifo32_DEPTH321_WIDTH36_RLATENCY0_40                                                                                                                               2116            13500.720
 ys[0].xs[3].client_xy                                              client_SIGMA3_RATE20_VC_W3_X_W2_Y_W2_X3_Y0_D_W32_N_PACKETS128_X_MAX4_Y_MAX4                                                                                         143              622.080
  ys[0].xs[3].client_xy/regulator                                   token_bucket_SIGMA3_RATE20_13                                                                                                                                        27              102.240
 ys[0].xs[3].torus_switch_xy                                        torus_switch_credit_VC_W3_X_W2_Y_W2_D_W32_X_MAX4_Y_MAX4_X3_Y0_I_to_east_rx_noc_if__VC_W_3_X_W_2_Y_W_2_D_W_32I_from_west_tx_noc_if__VC_W_3_X_W_2_Y_W_2_D_W_32       6996            42891.962
  ys[0].xs[3].torus_switch_xy/dor_credit_inst                       DOR_CREDIT_X_W2_Y_W2_X3_Y0                                                                                                                                           38               87.840
  ys[0].xs[3].torus_switch_xy/east_conn_tx                          credit_bp_tx_VC_W3_D_W32_X_W2_Y_W2_A_W4_DEPTH32_I_to_rx_noc_if_transmitter_VC_W_3_X_W_2_Y_W_2_D_W_32_13                                                             110              367.560
  ys[0].xs[3].torus_switch_xy/west_conn_rx                          credit_bp_rx_VC_W3_D_W32_X_W2_Y_W2_A_W4_DEPTH32_I_from_tx_noc_if_receiver_VC_W_3_X_W_2_Y_W_2_D_W_32_13                                                             6448            40869.720
   ys[0].xs[3].torus_switch_xy/west_conn_rx/gen_vc_logic[0].vc_fifo fifo32_DEPTH321_WIDTH36_RLATENCY0_39                                                                                                                               2114            13534.920
   ys[0].xs[3].torus_switch_xy/west_conn_rx/gen_vc_logic[1].vc_fifo fifo32_DEPTH321_WIDTH36_RLATENCY0_38                                                                                                                               2058            13402.440
   ys[0].xs[3].torus_switch_xy/west_conn_rx/gen_vc_logic[2].vc_fifo fifo32_DEPTH321_WIDTH36_RLATENCY0_37                                                                                                                               2073            13407.120
 ys[1].xs[0].client_xy                                              client_SIGMA3_RATE20_VC_W3_X_W2_Y_W2_X0_Y1_D_W32_N_PACKETS128_X_MAX4_Y_MAX4                                                                                         135              612.720
  ys[1].xs[0].client_xy/regulator                                   token_bucket_SIGMA3_RATE20_12                                                                                                                                        27              102.240
 ys[1].xs[0].torus_switch_xy                                        torus_switch_credit_VC_W3_X_W2_Y_W2_D_W32_X_MAX4_Y_MAX4_X0_Y1_I_to_east_rx_noc_if__VC_W_3_X_W_2_Y_W_2_D_W_32I_from_west_tx_noc_if__VC_W_3_X_W_2_Y_W_2_D_W_32       7059            43092.842
  ys[1].xs[0].torus_switch_xy/dor_credit_inst                       DOR_CREDIT_X_W2_Y_W2_X0_Y1                                                                                                                                           43               98.640
  ys[1].xs[0].torus_switch_xy/east_conn_tx                          credit_bp_tx_VC_W3_D_W32_X_W2_Y_W2_A_W4_DEPTH32_I_to_rx_noc_if_transmitter_VC_W_3_X_W_2_Y_W_2_D_W_32_12                                                             111              355.680
  ys[1].xs[0].torus_switch_xy/west_conn_rx                          credit_bp_rx_VC_W3_D_W32_X_W2_Y_W2_A_W4_DEPTH32_I_from_tx_noc_if_receiver_VC_W_3_X_W_2_Y_W_2_D_W_32_12                                                             6538            41142.240
   ys[1].xs[0].torus_switch_xy/west_conn_rx/gen_vc_logic[0].vc_fifo fifo32_DEPTH321_WIDTH36_RLATENCY0_36                                                                                                                               2100            13476.240
   ys[1].xs[0].torus_switch_xy/west_conn_rx/gen_vc_logic[1].vc_fifo fifo32_DEPTH321_WIDTH36_RLATENCY0_35                                                                                                                               2124            13574.880
   ys[1].xs[0].torus_switch_xy/west_conn_rx/gen_vc_logic[2].vc_fifo fifo32_DEPTH321_WIDTH36_RLATENCY0_34                                                                                                                               2111            13491.360
 ys[1].xs[1].client_xy                                              client_SIGMA3_RATE20_VC_W3_X_W2_Y_W2_X1_Y1_D_W32_N_PACKETS128_X_MAX4_Y_MAX4                                                                                         139              615.960
  ys[1].xs[1].client_xy/regulator                                   token_bucket_SIGMA3_RATE20_11                                                                                                                                        27              102.240
 ys[1].xs[1].torus_switch_xy                                        torus_switch_credit_VC_W3_X_W2_Y_W2_D_W32_X_MAX4_Y_MAX4_X1_Y1_I_to_east_rx_noc_if__VC_W_3_X_W_2_Y_W_2_D_W_32I_from_west_tx_noc_if__VC_W_3_X_W_2_Y_W_2_D_W_32       7012            43131.985
  ys[1].xs[1].torus_switch_xy/dor_credit_inst                       DOR_CREDIT_X_W2_Y_W2_X1_Y1                                                                                                                                           41              101.520
  ys[1].xs[1].torus_switch_xy/east_conn_tx                          credit_bp_tx_VC_W3_D_W32_X_W2_Y_W2_A_W4_DEPTH32_I_to_rx_noc_if_transmitter_VC_W_3_X_W_2_Y_W_2_D_W_32_11                                                             102              355.320
  ys[1].xs[1].torus_switch_xy/west_conn_rx                          credit_bp_rx_VC_W3_D_W32_X_W2_Y_W2_A_W4_DEPTH32_I_from_tx_noc_if_receiver_VC_W_3_X_W_2_Y_W_2_D_W_32_11                                                             6508            41163.743
   ys[1].xs[1].torus_switch_xy/west_conn_rx/gen_vc_logic[0].vc_fifo fifo32_DEPTH321_WIDTH36_RLATENCY0_33                                                                                                                               2084            13462.200
   ys[1].xs[1].torus_switch_xy/west_conn_rx/gen_vc_logic[1].vc_fifo fifo32_DEPTH321_WIDTH36_RLATENCY0_32                                                                                                                               2116            13590.623
   ys[1].xs[1].torus_switch_xy/west_conn_rx/gen_vc_logic[2].vc_fifo fifo32_DEPTH321_WIDTH36_RLATENCY0_31                                                                                                                               2095            13522.680
 ys[1].xs[2].client_xy                                              client_SIGMA3_RATE20_VC_W3_X_W2_Y_W2_X2_Y1_D_W32_N_PACKETS128_X_MAX4_Y_MAX4                                                                                         138              613.800
  ys[1].xs[2].client_xy/regulator                                   token_bucket_SIGMA3_RATE20_10                                                                                                                                        27              102.240
 ys[1].xs[2].torus_switch_xy                                        torus_switch_credit_VC_W3_X_W2_Y_W2_D_W32_X_MAX4_Y_MAX4_X2_Y1_I_to_east_rx_noc_if__VC_W_3_X_W_2_Y_W_2_D_W_32I_from_west_tx_noc_if__VC_W_3_X_W_2_Y_W_2_D_W_32       7227            43519.837
  ys[1].xs[2].torus_switch_xy/dor_credit_inst                       DOR_CREDIT_X_W2_Y_W2_X2_Y1                                                                                                                                           43              113.040
  ys[1].xs[2].torus_switch_xy/east_conn_tx                          credit_bp_tx_VC_W3_D_W32_X_W2_Y_W2_A_W4_DEPTH32_I_to_rx_noc_if_transmitter_VC_W_3_X_W_2_Y_W_2_D_W_32_10                                                             105              351.360
  ys[1].xs[2].torus_switch_xy/west_conn_rx                          credit_bp_rx_VC_W3_D_W32_X_W2_Y_W2_A_W4_DEPTH32_I_from_tx_noc_if_receiver_VC_W_3_X_W_2_Y_W_2_D_W_32_10                                                             6684            41500.114
   ys[1].xs[2].torus_switch_xy/west_conn_rx/gen_vc_logic[0].vc_fifo fifo32_DEPTH321_WIDTH36_RLATENCY0_30                                                                                                                               2179            13584.600
   ys[1].xs[2].torus_switch_xy/west_conn_rx/gen_vc_logic[1].vc_fifo fifo32_DEPTH321_WIDTH36_RLATENCY0_29                                                                                                                               2130            13582.571
   ys[1].xs[2].torus_switch_xy/west_conn_rx/gen_vc_logic[2].vc_fifo fifo32_DEPTH321_WIDTH36_RLATENCY0_28                                                                                                                               2131            13651.331
 ys[1].xs[3].client_xy                                              client_SIGMA3_RATE20_VC_W3_X_W2_Y_W2_X3_Y1_D_W32_N_PACKETS128_X_MAX4_Y_MAX4                                                                                         136              617.040
  ys[1].xs[3].client_xy/regulator                                   token_bucket_SIGMA3_RATE20_9                                                                                                                                         27              102.240
 ys[1].xs[3].torus_switch_xy                                        torus_switch_credit_VC_W3_X_W2_Y_W2_D_W32_X_MAX4_Y_MAX4_X3_Y1_I_to_east_rx_noc_if__VC_W_3_X_W_2_Y_W_2_D_W_32I_from_west_tx_noc_if__VC_W_3_X_W_2_Y_W_2_D_W_32       6976            43142.065
  ys[1].xs[3].torus_switch_xy/dor_credit_inst                       DOR_CREDIT_X_W2_Y_W2_X3_Y1                                                                                                                                           42               98.771
  ys[1].xs[3].torus_switch_xy/east_conn_tx                          credit_bp_tx_VC_W3_D_W32_X_W2_Y_W2_A_W4_DEPTH32_I_to_rx_noc_if_transmitter_VC_W_3_X_W_2_Y_W_2_D_W_32_9                                                              106              354.240
  ys[1].xs[3].torus_switch_xy/west_conn_rx                          credit_bp_rx_VC_W3_D_W32_X_W2_Y_W2_A_W4_DEPTH32_I_from_tx_noc_if_receiver_VC_W_3_X_W_2_Y_W_2_D_W_32_9                                                              6448            41146.200
   ys[1].xs[3].torus_switch_xy/west_conn_rx/gen_vc_logic[0].vc_fifo fifo32_DEPTH321_WIDTH36_RLATENCY0_27                                                                                                                               2073            13542.840
   ys[1].xs[3].torus_switch_xy/west_conn_rx/gen_vc_logic[1].vc_fifo fifo32_DEPTH321_WIDTH36_RLATENCY0_26                                                                                                                               2074            13491.720
   ys[1].xs[3].torus_switch_xy/west_conn_rx/gen_vc_logic[2].vc_fifo fifo32_DEPTH321_WIDTH36_RLATENCY0_25                                                                                                                               2090            13531.320
 ys[2].xs[0].client_xy                                              client_SIGMA3_RATE20_VC_W3_X_W2_Y_W2_X0_Y2_D_W32_N_PACKETS128_X_MAX4_Y_MAX4                                                                                         150              636.840
  ys[2].xs[0].client_xy/regulator                                   token_bucket_SIGMA3_RATE20_8                                                                                                                                         27              102.240
 ys[2].xs[0].torus_switch_xy                                        torus_switch_credit_VC_W3_X_W2_Y_W2_D_W32_X_MAX4_Y_MAX4_X0_Y2_I_to_east_rx_noc_if__VC_W_3_X_W_2_Y_W_2_D_W_32I_from_west_tx_noc_if__VC_W_3_X_W_2_Y_W_2_D_W_32       7154            43207.454
  ys[2].xs[0].torus_switch_xy/dor_credit_inst                       DOR_CREDIT_X_W2_Y_W2_X0_Y2                                                                                                                                           40              107.640
  ys[2].xs[0].torus_switch_xy/east_conn_tx                          credit_bp_tx_VC_W3_D_W32_X_W2_Y_W2_A_W4_DEPTH32_I_to_rx_noc_if_transmitter_VC_W_3_X_W_2_Y_W_2_D_W_32_8                                                              107              349.920
  ys[2].xs[0].torus_switch_xy/west_conn_rx                          credit_bp_rx_VC_W3_D_W32_X_W2_Y_W2_A_W4_DEPTH32_I_from_tx_noc_if_receiver_VC_W_3_X_W_2_Y_W_2_D_W_32_8                                                              6555            41133.600
   ys[2].xs[0].torus_switch_xy/west_conn_rx/gen_vc_logic[0].vc_fifo fifo32_DEPTH321_WIDTH36_RLATENCY0_24                                                                                                                               2094            13471.920
   ys[2].xs[0].torus_switch_xy/west_conn_rx/gen_vc_logic[1].vc_fifo fifo32_DEPTH321_WIDTH36_RLATENCY0_23                                                                                                                               2190            13713.120
   ys[2].xs[0].torus_switch_xy/west_conn_rx/gen_vc_logic[2].vc_fifo fifo32_DEPTH321_WIDTH36_RLATENCY0_22                                                                                                                               2078            13407.840
 ys[2].xs[1].client_xy                                              client_SIGMA3_RATE20_VC_W3_X_W2_Y_W2_X1_Y2_D_W32_N_PACKETS128_X_MAX4_Y_MAX4                                                                                         152              644.760
  ys[2].xs[1].client_xy/regulator                                   token_bucket_SIGMA3_RATE20_7                                                                                                                                         27              102.240
 ys[2].xs[1].torus_switch_xy                                        torus_switch_credit_VC_W3_X_W2_Y_W2_D_W32_X_MAX4_Y_MAX4_X1_Y2_I_to_east_rx_noc_if__VC_W_3_X_W_2_Y_W_2_D_W_32I_from_west_tx_noc_if__VC_W_3_X_W_2_Y_W_2_D_W_32       7091            43290.254
  ys[2].xs[1].torus_switch_xy/dor_credit_inst                       DOR_CREDIT_X_W2_Y_W2_X1_Y2                                                                                                                                           41              104.760
  ys[2].xs[1].torus_switch_xy/east_conn_tx                          credit_bp_tx_VC_W3_D_W32_X_W2_Y_W2_A_W4_DEPTH32_I_to_rx_noc_if_transmitter_VC_W_3_X_W_2_Y_W_2_D_W_32_7                                                              109              363.960
  ys[2].xs[1].torus_switch_xy/west_conn_rx                          credit_bp_rx_VC_W3_D_W32_X_W2_Y_W2_A_W4_DEPTH32_I_from_tx_noc_if_receiver_VC_W_3_X_W_2_Y_W_2_D_W_32_7                                                              6515            41249.651
   ys[2].xs[1].torus_switch_xy/west_conn_rx/gen_vc_logic[0].vc_fifo fifo32_DEPTH321_WIDTH36_RLATENCY0_21                                                                                                                               2091            13506.840
   ys[2].xs[1].torus_switch_xy/west_conn_rx/gen_vc_logic[1].vc_fifo fifo32_DEPTH321_WIDTH36_RLATENCY0_20                                                                                                                               2090            13516.200
   ys[2].xs[1].torus_switch_xy/west_conn_rx/gen_vc_logic[2].vc_fifo fifo32_DEPTH321_WIDTH36_RLATENCY0_19                                                                                                                               2116            13652.771
 ys[2].xs[2].client_xy                                              client_SIGMA3_RATE20_VC_W3_X_W2_Y_W2_X2_Y2_D_W32_N_PACKETS128_X_MAX4_Y_MAX4                                                                                         141              621.720
  ys[2].xs[2].client_xy/regulator                                   token_bucket_SIGMA3_RATE20_6                                                                                                                                         27              102.240
 ys[2].xs[2].torus_switch_xy                                        torus_switch_credit_VC_W3_X_W2_Y_W2_D_W32_X_MAX4_Y_MAX4_X2_Y2_I_to_east_rx_noc_if__VC_W_3_X_W_2_Y_W_2_D_W_32I_from_west_tx_noc_if__VC_W_3_X_W_2_Y_W_2_D_W_32       7018            43017.602
  ys[2].xs[2].torus_switch_xy/dor_credit_inst                       DOR_CREDIT_X_W2_Y_W2_X2_Y2                                                                                                                                           39              104.400
  ys[2].xs[2].torus_switch_xy/east_conn_tx                          credit_bp_tx_VC_W3_D_W32_X_W2_Y_W2_A_W4_DEPTH32_I_to_rx_noc_if_transmitter_VC_W_3_X_W_2_Y_W_2_D_W_32_6                                                              106              350.640
  ys[2].xs[2].torus_switch_xy/west_conn_rx                          credit_bp_rx_VC_W3_D_W32_X_W2_Y_W2_A_W4_DEPTH32_I_from_tx_noc_if_receiver_VC_W_3_X_W_2_Y_W_2_D_W_32_6                                                              6508            41054.040
   ys[2].xs[2].torus_switch_xy/west_conn_rx/gen_vc_logic[0].vc_fifo fifo32_DEPTH321_WIDTH36_RLATENCY0_18                                                                                                                               2068            13429.080
   ys[2].xs[2].torus_switch_xy/west_conn_rx/gen_vc_logic[1].vc_fifo fifo32_DEPTH321_WIDTH36_RLATENCY0_17                                                                                                                               2094            13484.880
   ys[2].xs[2].torus_switch_xy/west_conn_rx/gen_vc_logic[2].vc_fifo fifo32_DEPTH321_WIDTH36_RLATENCY0_16                                                                                                                               2137            13536.720
 ys[2].xs[3].client_xy                                              client_SIGMA3_RATE20_VC_W3_X_W2_Y_W2_X3_Y2_D_W32_N_PACKETS128_X_MAX4_Y_MAX4                                                                                         134              612.000
  ys[2].xs[3].client_xy/regulator                                   token_bucket_SIGMA3_RATE20_5                                                                                                                                         27              102.240
 ys[2].xs[3].torus_switch_xy                                        torus_switch_credit_VC_W3_X_W2_Y_W2_D_W32_X_MAX4_Y_MAX4_X3_Y2_I_to_east_rx_noc_if__VC_W_3_X_W_2_Y_W_2_D_W_32I_from_west_tx_noc_if__VC_W_3_X_W_2_Y_W_2_D_W_32       7096            43206.374
  ys[2].xs[3].torus_switch_xy/dor_credit_inst                       DOR_CREDIT_X_W2_Y_W2_X3_Y2                                                                                                                                           40               93.600
  ys[2].xs[3].torus_switch_xy/east_conn_tx                          credit_bp_tx_VC_W3_D_W32_X_W2_Y_W2_A_W4_DEPTH32_I_to_rx_noc_if_transmitter_VC_W_3_X_W_2_Y_W_2_D_W_32_5                                                              106              352.080
  ys[2].xs[3].torus_switch_xy/west_conn_rx                          credit_bp_rx_VC_W3_D_W32_X_W2_Y_W2_A_W4_DEPTH32_I_from_tx_noc_if_receiver_VC_W_3_X_W_2_Y_W_2_D_W_32_5                                                              6512            41146.691
   ys[2].xs[3].torus_switch_xy/west_conn_rx/gen_vc_logic[0].vc_fifo fifo32_DEPTH321_WIDTH36_RLATENCY0_15                                                                                                                               2099            13532.040
   ys[2].xs[3].torus_switch_xy/west_conn_rx/gen_vc_logic[1].vc_fifo fifo32_DEPTH321_WIDTH36_RLATENCY0_14                                                                                                                               2102            13531.451
   ys[2].xs[3].torus_switch_xy/west_conn_rx/gen_vc_logic[2].vc_fifo fifo32_DEPTH321_WIDTH36_RLATENCY0_13                                                                                                                               2103            13501.440
 ys[3].xs[0].client_xy                                              client_SIGMA3_RATE20_VC_W3_X_W2_Y_W2_X0_Y3_D_W32_N_PACKETS128_X_MAX4_Y_MAX4                                                                                         159              660.240
  ys[3].xs[0].client_xy/regulator                                   token_bucket_SIGMA3_RATE20_4                                                                                                                                         27              102.240
 ys[3].xs[0].torus_switch_xy                                        torus_switch_credit_VC_W3_X_W2_Y_W2_D_W32_X_MAX4_Y_MAX4_X0_Y3_I_to_east_rx_noc_if__VC_W_3_X_W_2_Y_W_2_D_W_32I_from_west_tx_noc_if__VC_W_3_X_W_2_Y_W_2_D_W_32       7015            43070.882
  ys[3].xs[0].torus_switch_xy/dor_credit_inst                       DOR_CREDIT_X_W2_Y_W2_X0_Y3                                                                                                                                           31               91.440
  ys[3].xs[0].torus_switch_xy/east_conn_tx                          credit_bp_tx_VC_W3_D_W32_X_W2_Y_W2_A_W4_DEPTH32_I_to_rx_noc_if_transmitter_VC_W_3_X_W_2_Y_W_2_D_W_32_4                                                              113              362.520
  ys[3].xs[0].torus_switch_xy/west_conn_rx                          credit_bp_rx_VC_W3_D_W32_X_W2_Y_W2_A_W4_DEPTH32_I_from_tx_noc_if_receiver_VC_W_3_X_W_2_Y_W_2_D_W_32_4                                                              6438            40995.000
   ys[3].xs[0].torus_switch_xy/west_conn_rx/gen_vc_logic[0].vc_fifo fifo32_DEPTH321_WIDTH36_RLATENCY0_12                                                                                                                               2110            13534.560
   ys[3].xs[0].torus_switch_xy/west_conn_rx/gen_vc_logic[1].vc_fifo fifo32_DEPTH321_WIDTH36_RLATENCY0_11                                                                                                                               2077            13444.920
   ys[3].xs[0].torus_switch_xy/west_conn_rx/gen_vc_logic[2].vc_fifo fifo32_DEPTH321_WIDTH36_RLATENCY0_10                                                                                                                               2078            13500.720
 ys[3].xs[1].client_xy                                              client_SIGMA3_RATE20_VC_W3_X_W2_Y_W2_X1_Y3_D_W32_N_PACKETS128_X_MAX4_Y_MAX4                                                                                         171              680.760
  ys[3].xs[1].client_xy/regulator                                   token_bucket_SIGMA3_RATE20_3                                                                                                                                         27              102.240
 ys[3].xs[1].torus_switch_xy                                        torus_switch_credit_VC_W3_X_W2_Y_W2_D_W32_X_MAX4_Y_MAX4_X1_Y3_I_to_east_rx_noc_if__VC_W_3_X_W_2_Y_W_2_D_W_32I_from_west_tx_noc_if__VC_W_3_X_W_2_Y_W_2_D_W_32       6990            42807.362
  ys[3].xs[1].torus_switch_xy/dor_credit_inst                       DOR_CREDIT_X_W2_Y_W2_X1_Y3                                                                                                                                           35               74.880
  ys[3].xs[1].torus_switch_xy/east_conn_tx                          credit_bp_tx_VC_W3_D_W32_X_W2_Y_W2_A_W4_DEPTH32_I_to_rx_noc_if_transmitter_VC_W_3_X_W_2_Y_W_2_D_W_32_3                                                              103              360.720
  ys[3].xs[1].torus_switch_xy/west_conn_rx                          credit_bp_rx_VC_W3_D_W32_X_W2_Y_W2_A_W4_DEPTH32_I_from_tx_noc_if_receiver_VC_W_3_X_W_2_Y_W_2_D_W_32_3                                                              6461            40809.240
   ys[3].xs[1].torus_switch_xy/west_conn_rx/gen_vc_logic[0].vc_fifo fifo32_DEPTH321_WIDTH36_RLATENCY0_9                                                                                                                                2077            13428.360
   ys[3].xs[1].torus_switch_xy/west_conn_rx/gen_vc_logic[1].vc_fifo fifo32_DEPTH321_WIDTH36_RLATENCY0_8                                                                                                                                2077            13411.440
   ys[3].xs[1].torus_switch_xy/west_conn_rx/gen_vc_logic[2].vc_fifo fifo32_DEPTH321_WIDTH36_RLATENCY0_7                                                                                                                                2103            13453.920
 ys[3].xs[2].client_xy                                              client_SIGMA3_RATE20_VC_W3_X_W2_Y_W2_X2_Y3_D_W32_N_PACKETS128_X_MAX4_Y_MAX4                                                                                         153              645.480
  ys[3].xs[2].client_xy/regulator                                   token_bucket_SIGMA3_RATE20_2                                                                                                                                         27              102.240
 ys[3].xs[2].torus_switch_xy                                        torus_switch_credit_VC_W3_X_W2_Y_W2_D_W32_X_MAX4_Y_MAX4_X2_Y3_I_to_east_rx_noc_if__VC_W_3_X_W_2_Y_W_2_D_W_32I_from_west_tx_noc_if__VC_W_3_X_W_2_Y_W_2_D_W_32       7105            43233.014
  ys[3].xs[2].torus_switch_xy/dor_credit_inst                       DOR_CREDIT_X_W2_Y_W2_X2_Y3                                                                                                                                           39               92.880
  ys[3].xs[2].torus_switch_xy/east_conn_tx                          credit_bp_tx_VC_W3_D_W32_X_W2_Y_W2_A_W4_DEPTH32_I_to_rx_noc_if_transmitter_VC_W_3_X_W_2_Y_W_2_D_W_32_2                                                              111              366.840
  ys[3].xs[2].torus_switch_xy/west_conn_rx                          credit_bp_rx_VC_W3_D_W32_X_W2_Y_W2_A_W4_DEPTH32_I_from_tx_noc_if_receiver_VC_W_3_X_W_2_Y_W_2_D_W_32_2                                                              6481            41044.680
   ys[3].xs[2].torus_switch_xy/west_conn_rx/gen_vc_logic[0].vc_fifo fifo32_DEPTH321_WIDTH36_RLATENCY0_6                                                                                                                                2072            13407.840
   ys[3].xs[2].torus_switch_xy/west_conn_rx/gen_vc_logic[1].vc_fifo fifo32_DEPTH321_WIDTH36_RLATENCY0_5                                                                                                                                2097            13485.240
   ys[3].xs[2].torus_switch_xy/west_conn_rx/gen_vc_logic[2].vc_fifo fifo32_DEPTH321_WIDTH36_RLATENCY0_4                                                                                                                                2103            13591.800
 ys[3].xs[3].client_xy                                              client_SIGMA3_RATE20_VC_W3_X_W2_Y_W2_X3_Y3_D_W32_N_PACKETS128_X_MAX4_Y_MAX4                                                                                         142              624.960
  ys[3].xs[3].client_xy/regulator                                   token_bucket_SIGMA3_RATE20_1                                                                                                                                         27              102.240
 ys[3].xs[3].torus_switch_xy                                        torus_switch_credit_VC_W3_X_W2_Y_W2_D_W32_X_MAX4_Y_MAX4_X3_Y3_I_to_east_rx_noc_if__VC_W_3_X_W_2_Y_W_2_D_W_32I_from_west_tx_noc_if__VC_W_3_X_W_2_Y_W_2_D_W_32       7052            43088.522
  ys[3].xs[3].torus_switch_xy/dor_credit_inst                       DOR_CREDIT_X_W2_Y_W2_X3_Y3                                                                                                                                           37               86.760
  ys[3].xs[3].torus_switch_xy/east_conn_tx                          credit_bp_tx_VC_W3_D_W32_X_W2_Y_W2_A_W4_DEPTH32_I_to_rx_noc_if_transmitter_VC_W_3_X_W_2_Y_W_2_D_W_32_1                                                              108              371.160
  ys[3].xs[3].torus_switch_xy/west_conn_rx                          credit_bp_rx_VC_W3_D_W32_X_W2_Y_W2_A_W4_DEPTH32_I_from_tx_noc_if_receiver_VC_W_3_X_W_2_Y_W_2_D_W_32_1                                                              6469            41004.720
   ys[3].xs[3].torus_switch_xy/west_conn_rx/gen_vc_logic[0].vc_fifo fifo32_DEPTH321_WIDTH36_RLATENCY0_3                                                                                                                                2091            13517.280
   ys[3].xs[3].torus_switch_xy/west_conn_rx/gen_vc_logic[1].vc_fifo fifo32_DEPTH321_WIDTH36_RLATENCY0_2                                                                                                                                2064            13459.320
   ys[3].xs[3].torus_switch_xy/west_conn_rx/gen_vc_logic[2].vc_fifo fifo32_DEPTH321_WIDTH36_RLATENCY0_1                                                                                                                                2088            13439.520
