Warning: The trip points for the library named low_swing_rx_wc differ from those in the library named tcbn65gplusbc. (TIM-164)
Warning: The trip points for the library named low_swing_rx_tc differ from those in the library named tcbn65gplusbc. (TIM-164)
Information: Updating design information... (UID-85)
Warning: Design 'torus_credit_D_W32' contains 1 high-fanout nets. A fanout number of 1000 will be used for delay calculations involving these nets. (TIM-134)
 
****************************************
Report : timing
        -path full
        -delay max
        -nets
        -max_paths 1
        -transition_time
Design : torus_credit_D_W32
Version: R-2020.09-SP1
Date   : Sat Dec  7 22:02:37 2024
****************************************

 # A fanout number of 1000 was used for high fanout net computations.

Operating Conditions: BCCOM   Library: tcbn65gplusbc
Wire Load Model Mode: segmented

  Startpoint: ys[0].xs[0].torus_switch_xy/n_in_data_reg_reg[0]
              (rising edge-triggered flip-flop clocked by ideal_clock1)
  Endpoint: ys[0].xs[0].torus_switch_xy/s_out_data_reg_reg[0]
            (rising edge-triggered flip-flop clocked by ideal_clock1)
  Path Group: ideal_clock1
  Path Type: max

  Des/Clust/Port     Wire Load Model       Library
  ------------------------------------------------
  fifo32_DEPTH321_WIDTH36_RLATENCY0_47 ZeroWireload tcbn65gplusbc
  fifo32_DEPTH321_WIDTH36_RLATENCY0_46 ZeroWireload tcbn65gplusbc
  fifo32_DEPTH321_WIDTH36_RLATENCY0_45 ZeroWireload tcbn65gplusbc
  fifo32_DEPTH321_WIDTH36_RLATENCY0_44 ZeroWireload tcbn65gplusbc
  fifo32_DEPTH321_WIDTH36_RLATENCY0_43 ZeroWireload tcbn65gplusbc
  fifo32_DEPTH321_WIDTH36_RLATENCY0_42 ZeroWireload tcbn65gplusbc
  fifo32_DEPTH321_WIDTH36_RLATENCY0_41 ZeroWireload tcbn65gplusbc
  fifo32_DEPTH321_WIDTH36_RLATENCY0_40 ZeroWireload tcbn65gplusbc
  fifo32_DEPTH321_WIDTH36_RLATENCY0_39 ZeroWireload tcbn65gplusbc
  fifo32_DEPTH321_WIDTH36_RLATENCY0_38 ZeroWireload tcbn65gplusbc
  fifo32_DEPTH321_WIDTH36_RLATENCY0_37 ZeroWireload tcbn65gplusbc
  fifo32_DEPTH321_WIDTH36_RLATENCY0_36 ZeroWireload tcbn65gplusbc
  fifo32_DEPTH321_WIDTH36_RLATENCY0_35 ZeroWireload tcbn65gplusbc
  fifo32_DEPTH321_WIDTH36_RLATENCY0_34 ZeroWireload tcbn65gplusbc
  fifo32_DEPTH321_WIDTH36_RLATENCY0_33 ZeroWireload tcbn65gplusbc
  fifo32_DEPTH321_WIDTH36_RLATENCY0_32 ZeroWireload tcbn65gplusbc
  fifo32_DEPTH321_WIDTH36_RLATENCY0_31 ZeroWireload tcbn65gplusbc
  fifo32_DEPTH321_WIDTH36_RLATENCY0_30 ZeroWireload tcbn65gplusbc
  fifo32_DEPTH321_WIDTH36_RLATENCY0_29 ZeroWireload tcbn65gplusbc
  fifo32_DEPTH321_WIDTH36_RLATENCY0_28 ZeroWireload tcbn65gplusbc
  fifo32_DEPTH321_WIDTH36_RLATENCY0_27 ZeroWireload tcbn65gplusbc
  fifo32_DEPTH321_WIDTH36_RLATENCY0_26 ZeroWireload tcbn65gplusbc
  fifo32_DEPTH321_WIDTH36_RLATENCY0_25 ZeroWireload tcbn65gplusbc
  fifo32_DEPTH321_WIDTH36_RLATENCY0_24 ZeroWireload tcbn65gplusbc
  fifo32_DEPTH321_WIDTH36_RLATENCY0_23 ZeroWireload tcbn65gplusbc
  fifo32_DEPTH321_WIDTH36_RLATENCY0_22 ZeroWireload tcbn65gplusbc
  fifo32_DEPTH321_WIDTH36_RLATENCY0_21 ZeroWireload tcbn65gplusbc
  fifo32_DEPTH321_WIDTH36_RLATENCY0_20 ZeroWireload tcbn65gplusbc
  fifo32_DEPTH321_WIDTH36_RLATENCY0_19 ZeroWireload tcbn65gplusbc
  fifo32_DEPTH321_WIDTH36_RLATENCY0_18 ZeroWireload tcbn65gplusbc
  fifo32_DEPTH321_WIDTH36_RLATENCY0_17 ZeroWireload tcbn65gplusbc
  fifo32_DEPTH321_WIDTH36_RLATENCY0_16 ZeroWireload tcbn65gplusbc
  fifo32_DEPTH321_WIDTH36_RLATENCY0_15 ZeroWireload tcbn65gplusbc
  fifo32_DEPTH321_WIDTH36_RLATENCY0_14 ZeroWireload tcbn65gplusbc
  fifo32_DEPTH321_WIDTH36_RLATENCY0_13 ZeroWireload tcbn65gplusbc
  fifo32_DEPTH321_WIDTH36_RLATENCY0_12 ZeroWireload tcbn65gplusbc
  fifo32_DEPTH321_WIDTH36_RLATENCY0_11 ZeroWireload tcbn65gplusbc
  fifo32_DEPTH321_WIDTH36_RLATENCY0_10 ZeroWireload tcbn65gplusbc
  fifo32_DEPTH321_WIDTH36_RLATENCY0_9 ZeroWireload tcbn65gplusbc
  fifo32_DEPTH321_WIDTH36_RLATENCY0_8 ZeroWireload tcbn65gplusbc
  fifo32_DEPTH321_WIDTH36_RLATENCY0_7 ZeroWireload tcbn65gplusbc
  fifo32_DEPTH321_WIDTH36_RLATENCY0_6 ZeroWireload tcbn65gplusbc
  fifo32_DEPTH321_WIDTH36_RLATENCY0_5 ZeroWireload tcbn65gplusbc
  fifo32_DEPTH321_WIDTH36_RLATENCY0_4 ZeroWireload tcbn65gplusbc
  fifo32_DEPTH321_WIDTH36_RLATENCY0_3 ZeroWireload tcbn65gplusbc
  fifo32_DEPTH321_WIDTH36_RLATENCY0_2 ZeroWireload tcbn65gplusbc
  fifo32_DEPTH321_WIDTH36_RLATENCY0_1 ZeroWireload tcbn65gplusbc
  credit_bp_rx_VC_W3_D_W32_X_W2_Y_W2_A_W4_DEPTH32_I_from_tx_noc_if_receiver_VC_W_3_X_W_2_Y_W_2_D_W_32_15 ZeroWireload tcbn65gplusbc
  credit_bp_rx_VC_W3_D_W32_X_W2_Y_W2_A_W4_DEPTH32_I_from_tx_noc_if_receiver_VC_W_3_X_W_2_Y_W_2_D_W_32_14 ZeroWireload tcbn65gplusbc
  credit_bp_rx_VC_W3_D_W32_X_W2_Y_W2_A_W4_DEPTH32_I_from_tx_noc_if_receiver_VC_W_3_X_W_2_Y_W_2_D_W_32_13 ZeroWireload tcbn65gplusbc
  credit_bp_rx_VC_W3_D_W32_X_W2_Y_W2_A_W4_DEPTH32_I_from_tx_noc_if_receiver_VC_W_3_X_W_2_Y_W_2_D_W_32_12 ZeroWireload tcbn65gplusbc
  credit_bp_rx_VC_W3_D_W32_X_W2_Y_W2_A_W4_DEPTH32_I_from_tx_noc_if_receiver_VC_W_3_X_W_2_Y_W_2_D_W_32_11 ZeroWireload tcbn65gplusbc
  credit_bp_rx_VC_W3_D_W32_X_W2_Y_W2_A_W4_DEPTH32_I_from_tx_noc_if_receiver_VC_W_3_X_W_2_Y_W_2_D_W_32_10 ZeroWireload tcbn65gplusbc
  credit_bp_rx_VC_W3_D_W32_X_W2_Y_W2_A_W4_DEPTH32_I_from_tx_noc_if_receiver_VC_W_3_X_W_2_Y_W_2_D_W_32_9 ZeroWireload tcbn65gplusbc
  credit_bp_rx_VC_W3_D_W32_X_W2_Y_W2_A_W4_DEPTH32_I_from_tx_noc_if_receiver_VC_W_3_X_W_2_Y_W_2_D_W_32_8 ZeroWireload tcbn65gplusbc
  credit_bp_rx_VC_W3_D_W32_X_W2_Y_W2_A_W4_DEPTH32_I_from_tx_noc_if_receiver_VC_W_3_X_W_2_Y_W_2_D_W_32_7 ZeroWireload tcbn65gplusbc
  credit_bp_rx_VC_W3_D_W32_X_W2_Y_W2_A_W4_DEPTH32_I_from_tx_noc_if_receiver_VC_W_3_X_W_2_Y_W_2_D_W_32_6 ZeroWireload tcbn65gplusbc
  credit_bp_rx_VC_W3_D_W32_X_W2_Y_W2_A_W4_DEPTH32_I_from_tx_noc_if_receiver_VC_W_3_X_W_2_Y_W_2_D_W_32_5 ZeroWireload tcbn65gplusbc
  credit_bp_rx_VC_W3_D_W32_X_W2_Y_W2_A_W4_DEPTH32_I_from_tx_noc_if_receiver_VC_W_3_X_W_2_Y_W_2_D_W_32_4 ZeroWireload tcbn65gplusbc
  credit_bp_rx_VC_W3_D_W32_X_W2_Y_W2_A_W4_DEPTH32_I_from_tx_noc_if_receiver_VC_W_3_X_W_2_Y_W_2_D_W_32_3 ZeroWireload tcbn65gplusbc
  credit_bp_rx_VC_W3_D_W32_X_W2_Y_W2_A_W4_DEPTH32_I_from_tx_noc_if_receiver_VC_W_3_X_W_2_Y_W_2_D_W_32_2 ZeroWireload tcbn65gplusbc
  credit_bp_rx_VC_W3_D_W32_X_W2_Y_W2_A_W4_DEPTH32_I_from_tx_noc_if_receiver_VC_W_3_X_W_2_Y_W_2_D_W_32_1 ZeroWireload tcbn65gplusbc
  credit_bp_tx_VC_W3_D_W32_X_W2_Y_W2_A_W4_DEPTH32_I_to_rx_noc_if_transmitter_VC_W_3_X_W_2_Y_W_2_D_W_32_15 ZeroWireload tcbn65gplusbc
  credit_bp_tx_VC_W3_D_W32_X_W2_Y_W2_A_W4_DEPTH32_I_to_rx_noc_if_transmitter_VC_W_3_X_W_2_Y_W_2_D_W_32_14 ZeroWireload tcbn65gplusbc
  credit_bp_tx_VC_W3_D_W32_X_W2_Y_W2_A_W4_DEPTH32_I_to_rx_noc_if_transmitter_VC_W_3_X_W_2_Y_W_2_D_W_32_13 ZeroWireload tcbn65gplusbc
  credit_bp_tx_VC_W3_D_W32_X_W2_Y_W2_A_W4_DEPTH32_I_to_rx_noc_if_transmitter_VC_W_3_X_W_2_Y_W_2_D_W_32_12 ZeroWireload tcbn65gplusbc
  credit_bp_tx_VC_W3_D_W32_X_W2_Y_W2_A_W4_DEPTH32_I_to_rx_noc_if_transmitter_VC_W_3_X_W_2_Y_W_2_D_W_32_11 ZeroWireload tcbn65gplusbc
  credit_bp_tx_VC_W3_D_W32_X_W2_Y_W2_A_W4_DEPTH32_I_to_rx_noc_if_transmitter_VC_W_3_X_W_2_Y_W_2_D_W_32_10 ZeroWireload tcbn65gplusbc
  credit_bp_tx_VC_W3_D_W32_X_W2_Y_W2_A_W4_DEPTH32_I_to_rx_noc_if_transmitter_VC_W_3_X_W_2_Y_W_2_D_W_32_9 ZeroWireload tcbn65gplusbc
  credit_bp_tx_VC_W3_D_W32_X_W2_Y_W2_A_W4_DEPTH32_I_to_rx_noc_if_transmitter_VC_W_3_X_W_2_Y_W_2_D_W_32_8 ZeroWireload tcbn65gplusbc
  credit_bp_tx_VC_W3_D_W32_X_W2_Y_W2_A_W4_DEPTH32_I_to_rx_noc_if_transmitter_VC_W_3_X_W_2_Y_W_2_D_W_32_7 ZeroWireload tcbn65gplusbc
  credit_bp_tx_VC_W3_D_W32_X_W2_Y_W2_A_W4_DEPTH32_I_to_rx_noc_if_transmitter_VC_W_3_X_W_2_Y_W_2_D_W_32_6 ZeroWireload tcbn65gplusbc
  credit_bp_tx_VC_W3_D_W32_X_W2_Y_W2_A_W4_DEPTH32_I_to_rx_noc_if_transmitter_VC_W_3_X_W_2_Y_W_2_D_W_32_5 ZeroWireload tcbn65gplusbc
  credit_bp_tx_VC_W3_D_W32_X_W2_Y_W2_A_W4_DEPTH32_I_to_rx_noc_if_transmitter_VC_W_3_X_W_2_Y_W_2_D_W_32_4 ZeroWireload tcbn65gplusbc
  credit_bp_tx_VC_W3_D_W32_X_W2_Y_W2_A_W4_DEPTH32_I_to_rx_noc_if_transmitter_VC_W_3_X_W_2_Y_W_2_D_W_32_3 ZeroWireload tcbn65gplusbc
  credit_bp_tx_VC_W3_D_W32_X_W2_Y_W2_A_W4_DEPTH32_I_to_rx_noc_if_transmitter_VC_W_3_X_W_2_Y_W_2_D_W_32_2 ZeroWireload tcbn65gplusbc
  credit_bp_tx_VC_W3_D_W32_X_W2_Y_W2_A_W4_DEPTH32_I_to_rx_noc_if_transmitter_VC_W_3_X_W_2_Y_W_2_D_W_32_1 ZeroWireload tcbn65gplusbc
  token_bucket_SIGMA3_RATE20_15 ZeroWireload tcbn65gplusbc
  token_bucket_SIGMA3_RATE20_14 ZeroWireload tcbn65gplusbc
  token_bucket_SIGMA3_RATE20_13 ZeroWireload tcbn65gplusbc
  token_bucket_SIGMA3_RATE20_12 ZeroWireload tcbn65gplusbc
  token_bucket_SIGMA3_RATE20_11 ZeroWireload tcbn65gplusbc
  token_bucket_SIGMA3_RATE20_10 ZeroWireload tcbn65gplusbc
  token_bucket_SIGMA3_RATE20_9 ZeroWireload tcbn65gplusbc
  token_bucket_SIGMA3_RATE20_8 ZeroWireload tcbn65gplusbc
  token_bucket_SIGMA3_RATE20_7 ZeroWireload tcbn65gplusbc
  token_bucket_SIGMA3_RATE20_6 ZeroWireload tcbn65gplusbc
  token_bucket_SIGMA3_RATE20_5 ZeroWireload tcbn65gplusbc
  token_bucket_SIGMA3_RATE20_4 ZeroWireload tcbn65gplusbc
  token_bucket_SIGMA3_RATE20_3 ZeroWireload tcbn65gplusbc
  token_bucket_SIGMA3_RATE20_2 ZeroWireload tcbn65gplusbc
  token_bucket_SIGMA3_RATE20_1 ZeroWireload tcbn65gplusbc
  fifo32_DEPTH321_WIDTH36_RLATENCY0_0 ZeroWireload tcbn65gplusbc
  credit_bp_rx_VC_W3_D_W32_X_W2_Y_W2_A_W4_DEPTH32_I_from_tx_noc_if_receiver_VC_W_3_X_W_2_Y_W_2_D_W_32_0 ZeroWireload tcbn65gplusbc
  credit_bp_tx_VC_W3_D_W32_X_W2_Y_W2_A_W4_DEPTH32_I_to_rx_noc_if_transmitter_VC_W_3_X_W_2_Y_W_2_D_W_32_0 ZeroWireload tcbn65gplusbc
  token_bucket_SIGMA3_RATE20_0 ZeroWireload tcbn65gplusbc
  torus_switch_credit_VC_W3_X_W2_Y_W2_D_W32_X_MAX4_Y_MAX4_X3_Y3_I_to_east_rx_noc_if__VC_W_3_X_W_2_Y_W_2_D_W_32I_from_west_tx_noc_if__VC_W_3_X_W_2_Y_W_2_D_W_32 ZeroWireload tcbn65gplusbc
  client_SIGMA3_RATE20_VC_W3_X_W2_Y_W2_X3_Y3_D_W32_N_PACKETS128_X_MAX4_Y_MAX4 ZeroWireload tcbn65gplusbc
  torus_switch_credit_VC_W3_X_W2_Y_W2_D_W32_X_MAX4_Y_MAX4_X2_Y3_I_to_east_rx_noc_if__VC_W_3_X_W_2_Y_W_2_D_W_32I_from_west_tx_noc_if__VC_W_3_X_W_2_Y_W_2_D_W_32 ZeroWireload tcbn65gplusbc
  client_SIGMA3_RATE20_VC_W3_X_W2_Y_W2_X2_Y3_D_W32_N_PACKETS128_X_MAX4_Y_MAX4 ZeroWireload tcbn65gplusbc
  torus_switch_credit_VC_W3_X_W2_Y_W2_D_W32_X_MAX4_Y_MAX4_X1_Y3_I_to_east_rx_noc_if__VC_W_3_X_W_2_Y_W_2_D_W_32I_from_west_tx_noc_if__VC_W_3_X_W_2_Y_W_2_D_W_32 ZeroWireload tcbn65gplusbc
  client_SIGMA3_RATE20_VC_W3_X_W2_Y_W2_X1_Y3_D_W32_N_PACKETS128_X_MAX4_Y_MAX4 ZeroWireload tcbn65gplusbc
  torus_switch_credit_VC_W3_X_W2_Y_W2_D_W32_X_MAX4_Y_MAX4_X0_Y3_I_to_east_rx_noc_if__VC_W_3_X_W_2_Y_W_2_D_W_32I_from_west_tx_noc_if__VC_W_3_X_W_2_Y_W_2_D_W_32 ZeroWireload tcbn65gplusbc
  client_SIGMA3_RATE20_VC_W3_X_W2_Y_W2_X0_Y3_D_W32_N_PACKETS128_X_MAX4_Y_MAX4 ZeroWireload tcbn65gplusbc
  torus_switch_credit_VC_W3_X_W2_Y_W2_D_W32_X_MAX4_Y_MAX4_X3_Y2_I_to_east_rx_noc_if__VC_W_3_X_W_2_Y_W_2_D_W_32I_from_west_tx_noc_if__VC_W_3_X_W_2_Y_W_2_D_W_32 ZeroWireload tcbn65gplusbc
  client_SIGMA3_RATE20_VC_W3_X_W2_Y_W2_X3_Y2_D_W32_N_PACKETS128_X_MAX4_Y_MAX4 ZeroWireload tcbn65gplusbc
  torus_switch_credit_VC_W3_X_W2_Y_W2_D_W32_X_MAX4_Y_MAX4_X2_Y2_I_to_east_rx_noc_if__VC_W_3_X_W_2_Y_W_2_D_W_32I_from_west_tx_noc_if__VC_W_3_X_W_2_Y_W_2_D_W_32 ZeroWireload tcbn65gplusbc
  client_SIGMA3_RATE20_VC_W3_X_W2_Y_W2_X2_Y2_D_W32_N_PACKETS128_X_MAX4_Y_MAX4 ZeroWireload tcbn65gplusbc
  torus_switch_credit_VC_W3_X_W2_Y_W2_D_W32_X_MAX4_Y_MAX4_X1_Y2_I_to_east_rx_noc_if__VC_W_3_X_W_2_Y_W_2_D_W_32I_from_west_tx_noc_if__VC_W_3_X_W_2_Y_W_2_D_W_32 ZeroWireload tcbn65gplusbc
  client_SIGMA3_RATE20_VC_W3_X_W2_Y_W2_X1_Y2_D_W32_N_PACKETS128_X_MAX4_Y_MAX4 ZeroWireload tcbn65gplusbc
  torus_switch_credit_VC_W3_X_W2_Y_W2_D_W32_X_MAX4_Y_MAX4_X0_Y2_I_to_east_rx_noc_if__VC_W_3_X_W_2_Y_W_2_D_W_32I_from_west_tx_noc_if__VC_W_3_X_W_2_Y_W_2_D_W_32 ZeroWireload tcbn65gplusbc
  client_SIGMA3_RATE20_VC_W3_X_W2_Y_W2_X0_Y2_D_W32_N_PACKETS128_X_MAX4_Y_MAX4 ZeroWireload tcbn65gplusbc
  torus_switch_credit_VC_W3_X_W2_Y_W2_D_W32_X_MAX4_Y_MAX4_X3_Y1_I_to_east_rx_noc_if__VC_W_3_X_W_2_Y_W_2_D_W_32I_from_west_tx_noc_if__VC_W_3_X_W_2_Y_W_2_D_W_32 ZeroWireload tcbn65gplusbc
  client_SIGMA3_RATE20_VC_W3_X_W2_Y_W2_X3_Y1_D_W32_N_PACKETS128_X_MAX4_Y_MAX4 ZeroWireload tcbn65gplusbc
  torus_switch_credit_VC_W3_X_W2_Y_W2_D_W32_X_MAX4_Y_MAX4_X2_Y1_I_to_east_rx_noc_if__VC_W_3_X_W_2_Y_W_2_D_W_32I_from_west_tx_noc_if__VC_W_3_X_W_2_Y_W_2_D_W_32 ZeroWireload tcbn65gplusbc
  client_SIGMA3_RATE20_VC_W3_X_W2_Y_W2_X2_Y1_D_W32_N_PACKETS128_X_MAX4_Y_MAX4 ZeroWireload tcbn65gplusbc
  torus_switch_credit_VC_W3_X_W2_Y_W2_D_W32_X_MAX4_Y_MAX4_X1_Y1_I_to_east_rx_noc_if__VC_W_3_X_W_2_Y_W_2_D_W_32I_from_west_tx_noc_if__VC_W_3_X_W_2_Y_W_2_D_W_32 ZeroWireload tcbn65gplusbc
  client_SIGMA3_RATE20_VC_W3_X_W2_Y_W2_X1_Y1_D_W32_N_PACKETS128_X_MAX4_Y_MAX4 ZeroWireload tcbn65gplusbc
  torus_switch_credit_VC_W3_X_W2_Y_W2_D_W32_X_MAX4_Y_MAX4_X0_Y1_I_to_east_rx_noc_if__VC_W_3_X_W_2_Y_W_2_D_W_32I_from_west_tx_noc_if__VC_W_3_X_W_2_Y_W_2_D_W_32 ZeroWireload tcbn65gplusbc
  client_SIGMA3_RATE20_VC_W3_X_W2_Y_W2_X0_Y1_D_W32_N_PACKETS128_X_MAX4_Y_MAX4 ZeroWireload tcbn65gplusbc
  torus_switch_credit_VC_W3_X_W2_Y_W2_D_W32_X_MAX4_Y_MAX4_X3_Y0_I_to_east_rx_noc_if__VC_W_3_X_W_2_Y_W_2_D_W_32I_from_west_tx_noc_if__VC_W_3_X_W_2_Y_W_2_D_W_32 ZeroWireload tcbn65gplusbc
  client_SIGMA3_RATE20_VC_W3_X_W2_Y_W2_X3_Y0_D_W32_N_PACKETS128_X_MAX4_Y_MAX4 ZeroWireload tcbn65gplusbc
  torus_switch_credit_VC_W3_X_W2_Y_W2_D_W32_X_MAX4_Y_MAX4_X2_Y0_I_to_east_rx_noc_if__VC_W_3_X_W_2_Y_W_2_D_W_32I_from_west_tx_noc_if__VC_W_3_X_W_2_Y_W_2_D_W_32 ZeroWireload tcbn65gplusbc
  client_SIGMA3_RATE20_VC_W3_X_W2_Y_W2_X2_Y0_D_W32_N_PACKETS128_X_MAX4_Y_MAX4 ZeroWireload tcbn65gplusbc
  torus_switch_credit_VC_W3_X_W2_Y_W2_D_W32_X_MAX4_Y_MAX4_X1_Y0_I_to_east_rx_noc_if__VC_W_3_X_W_2_Y_W_2_D_W_32I_from_west_tx_noc_if__VC_W_3_X_W_2_Y_W_2_D_W_32 ZeroWireload tcbn65gplusbc
  client_SIGMA3_RATE20_VC_W3_X_W2_Y_W2_X1_Y0_D_W32_N_PACKETS128_X_MAX4_Y_MAX4 ZeroWireload tcbn65gplusbc
  torus_switch_credit_VC_W3_X_W2_Y_W2_D_W32_X_MAX4_Y_MAX4_X0_Y0_I_to_east_rx_noc_if__VC_W_3_X_W_2_Y_W_2_D_W_32I_from_west_tx_noc_if__VC_W_3_X_W_2_Y_W_2_D_W_32 ZeroWireload tcbn65gplusbc
  torus_credit_D_W32 ZeroWireload          tcbn65gplusbc
  client_SIGMA3_RATE20_VC_W3_X_W2_Y_W2_X0_Y0_D_W32_N_PACKETS128_X_MAX4_Y_MAX4 ZeroWireload tcbn65gplusbc

Attributes:
    d - dont_touch
    u - dont_use
   mo - map_only
   so - size_only
    i - ideal_net or ideal_network
  inf - infeasible path

  Point                                       Fanout     Trans      Incr       Path      Attributes
  ---------------------------------------------------------------------------------------------------------
  clock ideal_clock1 (rise edge)                                    0.00       0.00
  clock network delay (ideal)                                       0.00       0.00
  ys[0].xs[0].torus_switch_xy/n_in_data_reg_reg[0]/CP (DFSND2)     0.00     0.00 #     0.00 r
  ys[0].xs[0].torus_switch_xy/n_in_data_reg_reg[0]/Q (DFSND2)     0.17     0.13     0.13 r
  ys[0].xs[0].torus_switch_xy/n_in_data_reg[0] (net)     1          0.00       0.13 r
  ys[0].xs[0].torus_switch_xy/xbar_gen[0].xbar_inst/so (torus_xbar_1b)     0.69 9999999848243207295109594873856.00 9999999848243207295109594873856.00 r
  ys[0].xs[0].torus_switch_xy/s_msg[0] (net)     1                  0.00   9999999848243207295109594873856.00 r
  ys[0].xs[0].torus_switch_xy/U9/Z (CKAN2D0)              0.08      0.00   9999999848243207295109594873856.00 r
  ys[0].xs[0].torus_switch_xy/n1 (net)          1                   0.00   9999999848243207295109594873856.00 r
  ys[0].xs[0].torus_switch_xy/s_out_data_reg_reg[0]/D (DFQD1)     0.08     0.00 9999999848243207295109594873856.00 r
  data arrival time                                                        9999999848243207295109594873856.00

  clock ideal_clock1 (rise edge)                                    1.00       1.00
  clock network delay (ideal)                                       0.00       1.00
  ys[0].xs[0].torus_switch_xy/s_out_data_reg_reg[0]/CP (DFQD1)      0.00       1.00 r
  library setup time                                               -0.02       0.98
  data required time                                                           0.98
  ---------------------------------------------------------------------------------------------------------
  data required time                                                           0.98
  data arrival time                                                        -9999999848243207295109594873856.00
  ---------------------------------------------------------------------------------------------------------
  slack (VIOLATED)                                                         -9999999848243207295109594873856.00


1
