###############################################################
#  Generated by:      Cadence Innovus 21.17-s075_1
#  OS:                Linux x86_64(Host ID ECEUBUNTU2)
#  Generated on:      Sat Dec  7 21:45:32 2024
#  Design:            torus_bp_D_W32
#  Command:           report_timing > asic-post-par-timing.$asictop.$datawidth.rpt
###############################################################
Path 1: MET Setup Check with Pin ys[2].xs[2].torus_switch_xy/e_out_data_reg_
reg[6]/CP 
Endpoint:   ys[2].xs[2].torus_switch_xy/e_out_data_reg_reg[6]/D (^) checked 
with  leading edge of 'ideal_clock'
Beginpoint: ys[2].xs[3].torus_switch_xy/s0/o_b_r_reg/Q          (v) triggered 
by  leading edge of 'ideal_clock'
Path Groups: {ideal_clock}
Analysis View: view_functional_wcl_slow
Other End Arrival Time          0.047
- Setup                         1.935
+ Phase Shift                   6.000
= Required Time                 4.112
- Arrival Time                  1.870
= Slack Time                    2.242
     Clock Rise Edge                 0.000
     + Clock Network Latency (Prop)  0.030
     = Beginpoint Arrival Time       0.030
     +-----------------------------------------------------------------------------------------------------------------+ 
     |                      Instance                      |      Arc      |     Cell      | Delay | Arrival | Required | 
     |                                                    |               |               |       |  Time   |   Time   | 
     |----------------------------------------------------+---------------+---------------+-------+---------+----------| 
     | ys[2].xs[3].torus_switch_xy/s0/o_b_r_reg           | CP ^          |               |       |   0.030 |    2.272 | 
     | ys[2].xs[3].torus_switch_xy/s0/o_b_r_reg           | CP ^ -> Q v   | DFKCND1       | 0.239 |   0.269 |    2.511 | 
     | ys[2].xs[3].west_bp_tx                             | i v -> c v    | low_swing_tx  | 0.147 |   0.416 |    2.658 | 
     | ys[2].xs[2].torus_switch_xy/FE_OFC1972_w_b_tx_3__2 | I v -> ZN ^   | CKND0         | 0.171 |   0.587 |    2.829 | 
     | ys[2].xs[2].torus_switch_xy/FE_OFC1973_w_b_tx_3__2 | I ^ -> ZN v   | INVD2         | 0.200 |   0.787 |    3.029 | 
     | ys[2].xs[2].torus_switch_xy/FE_DBTC1_w_b_tx_3_2    | I v -> ZN ^   | INVD2         | 0.340 |   1.127 |    3.369 | 
     | ys[2].xs[2].torus_switch_xy/dor_bp_inst/U14        | A2 ^ -> ZN v  | ND3D1         | 0.141 |   1.268 |    3.510 | 
     | ys[2].xs[2].torus_switch_xy/dor_bp_inst/U7         | I v -> ZN ^   | INVD1         | 0.308 |   1.577 |    3.819 | 
     | ys[2].xs[2].torus_switch_xy/xbar_gen[6].xbar_inst  | w2e ^ -> eo ^ | torus_xbar_1b | 0.294 |   1.870 |    4.112 | 
     | ys[2].xs[2].torus_switch_xy/e_out_data_reg_reg[6]  | D ^           | EDFKCNQD1     | 0.000 |   1.870 |    4.112 | 
     +-----------------------------------------------------------------------------------------------------------------+ 

