###############################################################
#  Generated by:      Cadence Innovus 21.17-s075_1
#  OS:                Linux x86_64(Host ID ECEUBUNTU2)
#  Generated on:      Sat Dec  7 21:30:32 2024
#  Design:            torus_D_W32
#  Command:           report_timing > asic-post-par-timing.$asictop.$datawidth.rpt
###############################################################
Path 1: MET Setup Check with Pin ys[0].xs[2].torus_switch_xy/e_out_data_reg_
reg[15]/CP 
Endpoint:   ys[0].xs[2].torus_switch_xy/e_out_data_reg_reg[15]/D (^) checked 
with  leading edge of 'ideal_clock'
Beginpoint: ys[0].xs[2].torus_switch_xy/n_in_v_reg_reg/Q         (^) triggered 
by  leading edge of 'ideal_clock'
Path Groups: {ideal_clock}
Analysis View: view_functional_wcl_slow
Other End Arrival Time          0.011
- Setup                         0.089
+ Phase Shift                   6.000
= Required Time                 5.922
- Arrival Time                  2.066
= Slack Time                    3.856
     Clock Rise Edge                 0.000
     + Clock Network Latency (Prop)  0.010
     = Beginpoint Arrival Time       0.010
     +-----------------------------------------------------------------------------------------------------------------+ 
     |                      Instance                      |      Arc      |     Cell      | Delay | Arrival | Required | 
     |                                                    |               |               |       |  Time   |   Time   | 
     |----------------------------------------------------+---------------+---------------+-------+---------+----------| 
     | ys[0].xs[2].torus_switch_xy/n_in_v_reg_reg         | CP ^          |               |       |   0.010 |    3.866 | 
     | ys[0].xs[2].torus_switch_xy/n_in_v_reg_reg         | CP ^ -> Q ^   | DFKCNQD1      | 0.385 |   0.396 |    4.252 | 
     | ys[0].xs[2].torus_switch_xy/dor_inst/U15           | A1 ^ -> ZN v  | OAI21D1       | 0.091 |   0.487 |    4.343 | 
     | ys[0].xs[2].torus_switch_xy/dor_inst/U8            | I v -> ZN ^   | INVD1         | 0.260 |   0.747 |    4.603 | 
     | ys[0].xs[2].torus_switch_xy/xbar_gen[15].xbar_inst | w2e ^ -> eo ^ | torus_xbar_1b | 0.284 |   1.031 |    4.887 | 
     | ys[0].xs[2].torus_switch_xy/FE_OFC2951_e_msg_15    | I ^ -> Z ^    | CKBD1         | 0.936 |   1.967 |    5.823 | 
     | ys[0].xs[2].torus_switch_xy/FE_OFC392_e_msg_15     | I ^ -> Z ^    | CKBD1         | 0.099 |   2.066 |    5.922 | 
     | ys[0].xs[2].torus_switch_xy/e_out_data_reg_reg[15] | D ^           | DFKCNQD1      | 0.000 |   2.066 |    5.922 | 
     +-----------------------------------------------------------------------------------------------------------------+ 

