###############################################################
#  Generated by:      Cadence Innovus 21.17-s075_1
#  OS:                Linux x86_64(Host ID ECEUBUNTU2)
#  Generated on:      Sun Dec  8 00:02:13 2024
#  Design:            torus_credit_D_W32
#  Command:           report_timing > asic-post-par-timing.$asictop.$datawidth.rpt
###############################################################
Path 1: VIOLATED Setup Check with Pin ys[3].xs[3].torus_switch_xy/west_conn_rx/
gen_vc_logic[2].vc_fifo/fifo_data_reg[27][8]/CP 
Endpoint:   ys[3].xs[3].torus_switch_xy/west_conn_rx/gen_vc_logic[2].vc_fifo/
fifo_data_reg[27][8]/D (^) checked with  leading edge of 'ideal_clock'
Beginpoint: ys[3].xs[2].torus_switch_xy/west_conn_rx/gen_vc_logic[2].vc_fifo/
fifo_tail_reg[1]/QN    (^) triggered by  leading edge of 'ideal_clock'
Path Groups: {ideal_clock}
Analysis View: view_functional_wcl_slow
Other End Arrival Time         -0.102
- Setup                         0.148
+ Phase Shift                   6.000
= Required Time                 5.750
- Arrival Time                  6.121
= Slack Time                   -0.371
     Clock Rise Edge                 0.000
     + Clock Network Latency (Prop)  0.321
     = Beginpoint Arrival Time       0.321
     +-----------------------------------------------------------------------------------------------------------------+ 
     |                      Instance                      |      Arc      |     Cell      | Delay | Arrival | Required | 
     |                                                    |               |               |       |  Time   |   Time   | 
     |----------------------------------------------------+---------------+---------------+-------+---------+----------| 
     | ys[3].xs[2].torus_switch_xy/west_conn_rx/gen_vc_lo | CP ^          |               |       |   0.321 |   -0.050 | 
     | gic[2].vc_fifo/fifo_tail_reg[1]                    |               |               |       |         |          | 
     | ys[3].xs[2].torus_switch_xy/west_conn_rx/gen_vc_lo | CP ^ -> QN ^  | EDFKCND1      | 0.468 |   0.789 |    0.418 | 
     | gic[2].vc_fifo/fifo_tail_reg[1]                    |               |               |       |         |          | 
     | ys[3].xs[2].torus_switch_xy/west_conn_rx/gen_vc_lo | A1 ^ -> Z ^   | OR2D2         | 0.258 |   1.047 |    0.677 | 
     | gic[2].vc_fifo/U10                                 |               |               |       |         |          | 
     | ys[3].xs[2].torus_switch_xy/west_conn_rx/gen_vc_lo | A2 ^ -> ZN v  | NR2D1         | 0.138 |   1.185 |    0.815 | 
     | gic[2].vc_fifo/U44                                 |               |               |       |         |          | 
     | ys[3].xs[2].torus_switch_xy/west_conn_rx/gen_vc_lo | I v -> Z v    | BUFFD4        | 0.225 |   1.410 |    1.039 | 
     | gic[2].vc_fifo/FE_OFC12883_n18                     |               |               |       |         |          | 
     | ys[3].xs[2].torus_switch_xy/west_conn_rx/gen_vc_lo | B2 v -> ZN ^  | AOI221D1      | 0.265 |   1.675 |    1.304 | 
     | gic[2].vc_fifo/U294                                |               |               |       |         |          | 
     | ys[3].xs[2].torus_switch_xy/west_conn_rx/gen_vc_lo | A1 ^ -> Z ^   | AN4D4         | 0.162 |   1.837 |    1.466 | 
     | gic[2].vc_fifo/U797                                |               |               |       |         |          | 
     | ys[3].xs[2].torus_switch_xy/west_conn_rx/gen_vc_lo | I1 ^ -> ZN v  | MUX2ND4       | 0.100 |   1.937 |    1.566 | 
     | gic[2].vc_fifo/U94                                 |               |               |       |         |          | 
     | ys[3].xs[2].torus_switch_xy/west_conn_rx/U149      | C1 v -> Z v   | AO222D4       | 0.206 |   2.143 |    1.773 | 
     | ys[3].xs[2].torus_switch_xy/dor_credit_inst/U6     | A1 v -> ZN v  | INR2D4        | 0.090 |   2.233 |    1.863 | 
     | ys[3].xs[2].torus_switch_xy/dor_credit_inst/U8     | B2 v -> ZN ^  | INR3D0        | 0.057 |   2.290 |    1.920 | 
     | ys[3].xs[2].torus_switch_xy/dor_credit_inst/FE_OFC | I ^ -> Z ^    | BUFFD2        | 0.242 |   2.532 |    2.162 | 
     | 5016_dor_w2e                                       |               |               |       |         |          | 
     | ys[3].xs[2].torus_switch_xy/xbar_gen[8].xbar_inst  | w2e ^ -> eo ^ | torus_xbar_1b | 0.331 |   2.863 |    2.492 | 
     | FE_OFC15221_ys_3__xs_2__noc_if_inst_east_packet_pa | I ^ -> ZN v   | CKND0         | 1.595 |   4.458 |    4.087 | 
     | yload__data__8                                     |               |               |       |         |          | 
     | FE_OFC16401_ys_3__xs_2__noc_if_inst_east_packet_pa | I v -> Z v    | CKBD1         | 0.268 |   4.726 |    4.355 | 
     | yload__data__8                                     |               |               |       |         |          | 
     | FE_OFC15222_ys_3__xs_2__noc_if_inst_east_packet_pa | I v -> ZN ^   | INVD1         | 0.043 |   4.769 |    4.399 | 
     | yload__data__8                                     |               |               |       |         |          | 
     | FE_OFC5547_ys_3__xs_2__noc_if_inst_east_packet_pay | I ^ -> ZN v   | CKND0         | 0.046 |   4.815 |    4.445 | 
     | load__data__8                                      |               |               |       |         |          | 
     | FE_OFC8025_ys_3__xs_2__noc_if_inst_east_packet_pay | I v -> Z v    | CKBD1         | 0.049 |   4.865 |    4.494 | 
     | load__data__8                                      |               |               |       |         |          | 
     | FE_OFC5548_ys_3__xs_2__noc_if_inst_east_packet_pay | I v -> ZN ^   | INVD1         | 0.100 |   4.964 |    4.594 | 
     | load__data__8                                      |               |               |       |         |          | 
     | ys[3].xs[2].conns_data[8].east_tx_data             | i ^ -> c ^    | low_swing_tx  | 0.352 |   5.316 |    4.946 | 
     | ys[3].xs[3].torus_switch_xy/west_conn_rx/FE_OFC593 | I ^ -> ZN v   | INVD1         | 0.165 |   5.481 |    5.111 | 
     | 0_yss_3__xss_2__noc_if_inst_conn_packet_payload__d |               |               |       |         |          | 
     | ata__8                                             |               |               |       |         |          | 
     | ys[3].xs[3].torus_switch_xy/west_conn_rx/FE_OFC593 | I v -> ZN ^   | INVD4         | 0.304 |   5.785 |    5.415 | 
     | 1_yss_3__xss_2__noc_if_inst_conn_packet_payload__d |               |               |       |         |          | 
     | ata__8                                             |               |               |       |         |          | 
     | ys[3].xs[3].torus_switch_xy/west_conn_rx/gen_vc_lo | I ^ -> Z ^    | BUFFD2        | 0.321 |   6.107 |    5.736 | 
     | gic[2].vc_fifo/FE_OFC5932_yss_3__xss_2__noc_if_ins |               |               |       |         |          | 
     | t_conn_packet_payload__data__8                     |               |               |       |         |          | 
     | ys[3].xs[3].torus_switch_xy/west_conn_rx/gen_vc_lo | D ^           | EDFQD1        | 0.014 |   6.121 |    5.750 | 
     | gic[2].vc_fifo/fifo_data_reg[27][8]                |               |               |       |         |          | 
     +-----------------------------------------------------------------------------------------------------------------+ 

