###############################################################
#  Generated by:      Cadence Innovus 21.17-s075_1
#  OS:                Linux x86_64(Host ID ECEUBUNTU2)
#  Generated on:      Tue Nov 26 15:20:15 2024
#  Design:            torus_D_W32
#  Command:           report_timing > asic-post-par-timing.$asictop.$datawidth.rpt
###############################################################
Path 1: MET Setup Check with Pin ys[2].xs[2].cli/packet_num_reg[31]/CP 
Endpoint:   ys[2].xs[2].cli/packet_num_reg[31]/D (v) checked with  leading edge 
of 'ideal_clock'
Beginpoint: ys[2].xs[2].cli/packet_num_reg[0]/Q  (^) triggered by  leading edge 
of 'ideal_clock'
Path Groups: {ideal_clock}
Analysis View: view_functional_wcl_slow
Other End Arrival Time          0.013
- Setup                         0.134
+ Phase Shift                   6.000
= Required Time                 5.879
- Arrival Time                  2.790
= Slack Time                    3.089
     Clock Rise Edge                 0.000
     + Clock Network Latency (Prop)  0.012
     = Beginpoint Arrival Time       0.012
     +-------------------------------------------------------------------------------------------+ 
     |              Instance              |     Arc     |   Cell    | Delay | Arrival | Required | 
     |                                    |             |           |       |  Time   |   Time   | 
     |------------------------------------+-------------+-----------+-------+---------+----------| 
     | ys[2].xs[2].cli/packet_num_reg[0]  | CP ^        |           |       |   0.012 |    3.101 | 
     | ys[2].xs[2].cli/packet_num_reg[0]  | CP ^ -> Q ^ | EDFKCNQD1 | 0.149 |   0.162 |    3.251 | 
     | ys[2].xs[2].cli/add_58/U1_1_1      | B ^ -> CO ^ | HA1D0     | 0.094 |   0.256 |    3.345 | 
     | ys[2].xs[2].cli/add_58/U7          | A2 ^ -> Z ^ | AN2XD1    | 0.069 |   0.325 |    3.414 | 
     | ys[2].xs[2].cli/add_58/U1_1_3      | B ^ -> CO ^ | HA1D0     | 0.081 |   0.406 |    3.495 | 
     | ys[2].xs[2].cli/add_58/U6          | A2 ^ -> Z ^ | AN2XD1    | 0.061 |   0.467 |    3.556 | 
     | ys[2].xs[2].cli/add_58/U1_1_5      | B ^ -> CO ^ | HA1D0     | 0.092 |   0.559 |    3.647 | 
     | ys[2].xs[2].cli/add_58/U1_1_6      | B ^ -> CO ^ | HA1D0     | 0.103 |   0.662 |    3.750 | 
     | ys[2].xs[2].cli/add_58/U1_1_7      | B ^ -> CO ^ | HA1D0     | 0.094 |   0.756 |    3.844 | 
     | ys[2].xs[2].cli/add_58/U1_1_8      | B ^ -> CO ^ | HA1D0     | 0.102 |   0.857 |    3.946 | 
     | ys[2].xs[2].cli/add_58/U1_1_9      | B ^ -> CO ^ | HA1D0     | 0.097 |   0.955 |    4.043 | 
     | ys[2].xs[2].cli/add_58/U5          | A2 ^ -> Z ^ | AN2XD1    | 0.064 |   1.019 |    4.107 | 
     | ys[2].xs[2].cli/add_58/U1_1_11     | B ^ -> CO ^ | HA1D0     | 0.085 |   1.104 |    4.193 | 
     | ys[2].xs[2].cli/add_58/U1_1_12     | B ^ -> CO ^ | HA1D0     | 0.091 |   1.195 |    4.284 | 
     | ys[2].xs[2].cli/add_58/U1_1_13     | B ^ -> CO ^ | HA1D0     | 0.091 |   1.287 |    4.375 | 
     | ys[2].xs[2].cli/add_58/U1_1_14     | B ^ -> CO ^ | HA1D0     | 0.091 |   1.378 |    4.467 | 
     | ys[2].xs[2].cli/add_58/U1_1_15     | B ^ -> CO ^ | HA1D0     | 0.089 |   1.467 |    4.556 | 
     | ys[2].xs[2].cli/add_58/U1          | A2 ^ -> Z ^ | AN2XD1    | 0.063 |   1.530 |    4.619 | 
     | ys[2].xs[2].cli/add_58/U1_1_17     | B ^ -> CO ^ | HA1D0     | 0.085 |   1.615 |    4.703 | 
     | ys[2].xs[2].cli/add_58/U1_1_18     | B ^ -> CO ^ | HA1D0     | 0.096 |   1.710 |    4.799 | 
     | ys[2].xs[2].cli/add_58/U1_1_19     | B ^ -> CO ^ | HA1D0     | 0.092 |   1.802 |    4.891 | 
     | ys[2].xs[2].cli/add_58/U8          | A2 ^ -> Z ^ | AN2XD1    | 0.066 |   1.868 |    4.957 | 
     | ys[2].xs[2].cli/add_58/U1_1_21     | B ^ -> CO ^ | HA1D0     | 0.095 |   1.963 |    5.052 | 
     | ys[2].xs[2].cli/add_58/U2          | A2 ^ -> Z ^ | AN2XD1    | 0.067 |   2.031 |    5.119 | 
     | ys[2].xs[2].cli/add_58/U1_1_23     | B ^ -> CO ^ | HA1D0     | 0.086 |   2.116 |    5.205 | 
     | ys[2].xs[2].cli/add_58/U1_1_24     | B ^ -> CO ^ | HA1D0     | 0.089 |   2.205 |    5.294 | 
     | ys[2].xs[2].cli/add_58/U4          | A2 ^ -> Z ^ | AN2XD1    | 0.066 |   2.272 |    5.360 | 
     | ys[2].xs[2].cli/add_58/U1_1_26     | B ^ -> CO ^ | HA1D0     | 0.085 |   2.357 |    5.445 | 
     | ys[2].xs[2].cli/add_58/U3          | A2 ^ -> Z ^ | AN2XD1    | 0.064 |   2.421 |    5.509 | 
     | ys[2].xs[2].cli/add_58/U1_1_28     | B ^ -> CO ^ | HA1D0     | 0.095 |   2.516 |    5.605 | 
     | ys[2].xs[2].cli/add_58/U1_1_29     | B ^ -> CO ^ | HA1D0     | 0.104 |   2.620 |    5.709 | 
     | ys[2].xs[2].cli/add_58/U1_1_30     | B ^ -> CO ^ | HA1D0     | 0.080 |   2.700 |    5.789 | 
     | ys[2].xs[2].cli/add_58/U18         | A1 ^ -> Z v | CKXOR2D0  | 0.090 |   2.790 |    5.879 | 
     | ys[2].xs[2].cli/packet_num_reg[31] | D v         | EDFKCNQD1 | 0.000 |   2.790 |    5.879 | 
     +-------------------------------------------------------------------------------------------+ 

