Loading db file '/home/t3rampal/ece720t7-f24/labs/t3rampal-lab5/customcell/low_swing_rx_bc.db'
Loading db file '/home/t3rampal/ece720t7-f24/labs/t3rampal-lab5/customcell/low_swing_tx_bc.db'
Loading db file '/CMC/kits/tsmc_65nm_libs/tcbn65gplus_200a/TSMCHOME/digital/Front_End/timing_power_noise/NLDM/tcbn65gplus_140b/tcbn65gplusbc.db'
Loading db file '/home/t3rampal/ece720t7-f24/labs/t3rampal-lab5/customcell/torus_xbar_1b_bc.db'
Information: Propagating switching activity (low effort zero delay simulation). (PWR-6)
Warning: Design has unannotated primary inputs. (PWR-414)
Warning: Design has unannotated sequential cell outputs. (PWR-415)
 
****************************************
Report : power
        -hier
        -analysis_effort low
Design : torus_D_W32
Version: R-2020.09-SP1
Date   : Sat Dec  7 21:18:06 2024
****************************************


Library(s) Used:

    tcbn65gplusbc (File: /CMC/kits/tsmc_65nm_libs/tcbn65gplus_200a/TSMCHOME/digital/Front_End/timing_power_noise/NLDM/tcbn65gplus_140b/tcbn65gplusbc.db)
    low_swing_rx_bc (File: /home/t3rampal/ece720t7-f24/labs/t3rampal-lab5/customcell/low_swing_rx_bc.db)
    torus_xbar_1b_bc (File: /home/t3rampal/ece720t7-f24/labs/t3rampal-lab5/customcell/torus_xbar_1b_bc.db)
    low_swing_tx_bc (File: /home/t3rampal/ece720t7-f24/labs/t3rampal-lab5/customcell/low_swing_tx_bc.db)


Operating Conditions: BCCOM   Library: tcbn65gplusbc
Wire Load Model Mode: segmented

Design        Wire Load Model            Library
------------------------------------------------
torus_D_W32            ZeroWireload      tcbn65gplusbc
client_SIGMA3_RATE20_VC_W3_X_W2_Y_W2_X0_Y0_D_W32_N_PACKETS128_X_MAX4_Y_MAX4 ZeroWireload tcbn65gplusbc
torus_switch_X_W2_Y_W2_D_W32_X0_Y0 ZeroWireload tcbn65gplusbc
client_SIGMA3_RATE20_VC_W3_X_W2_Y_W2_X1_Y0_D_W32_N_PACKETS128_X_MAX4_Y_MAX4 ZeroWireload tcbn65gplusbc
torus_switch_X_W2_Y_W2_D_W32_X1_Y0 ZeroWireload tcbn65gplusbc
client_SIGMA3_RATE20_VC_W3_X_W2_Y_W2_X2_Y0_D_W32_N_PACKETS128_X_MAX4_Y_MAX4 ZeroWireload tcbn65gplusbc
torus_switch_X_W2_Y_W2_D_W32_X2_Y0 ZeroWireload tcbn65gplusbc
client_SIGMA3_RATE20_VC_W3_X_W2_Y_W2_X3_Y0_D_W32_N_PACKETS128_X_MAX4_Y_MAX4 ZeroWireload tcbn65gplusbc
torus_switch_X_W2_Y_W2_D_W32_X3_Y0 ZeroWireload tcbn65gplusbc
client_SIGMA3_RATE20_VC_W3_X_W2_Y_W2_X0_Y1_D_W32_N_PACKETS128_X_MAX4_Y_MAX4 ZeroWireload tcbn65gplusbc
torus_switch_X_W2_Y_W2_D_W32_X0_Y1 ZeroWireload tcbn65gplusbc
client_SIGMA3_RATE20_VC_W3_X_W2_Y_W2_X1_Y1_D_W32_N_PACKETS128_X_MAX4_Y_MAX4 ZeroWireload tcbn65gplusbc
torus_switch_X_W2_Y_W2_D_W32_X1_Y1 ZeroWireload tcbn65gplusbc
client_SIGMA3_RATE20_VC_W3_X_W2_Y_W2_X2_Y1_D_W32_N_PACKETS128_X_MAX4_Y_MAX4 ZeroWireload tcbn65gplusbc
torus_switch_X_W2_Y_W2_D_W32_X2_Y1 ZeroWireload tcbn65gplusbc
client_SIGMA3_RATE20_VC_W3_X_W2_Y_W2_X3_Y1_D_W32_N_PACKETS128_X_MAX4_Y_MAX4 ZeroWireload tcbn65gplusbc
torus_switch_X_W2_Y_W2_D_W32_X3_Y1 ZeroWireload tcbn65gplusbc
client_SIGMA3_RATE20_VC_W3_X_W2_Y_W2_X0_Y2_D_W32_N_PACKETS128_X_MAX4_Y_MAX4 ZeroWireload tcbn65gplusbc
torus_switch_X_W2_Y_W2_D_W32_X0_Y2 ZeroWireload tcbn65gplusbc
client_SIGMA3_RATE20_VC_W3_X_W2_Y_W2_X1_Y2_D_W32_N_PACKETS128_X_MAX4_Y_MAX4 ZeroWireload tcbn65gplusbc
torus_switch_X_W2_Y_W2_D_W32_X1_Y2 ZeroWireload tcbn65gplusbc
client_SIGMA3_RATE20_VC_W3_X_W2_Y_W2_X2_Y2_D_W32_N_PACKETS128_X_MAX4_Y_MAX4 ZeroWireload tcbn65gplusbc
torus_switch_X_W2_Y_W2_D_W32_X2_Y2 ZeroWireload tcbn65gplusbc
client_SIGMA3_RATE20_VC_W3_X_W2_Y_W2_X3_Y2_D_W32_N_PACKETS128_X_MAX4_Y_MAX4 ZeroWireload tcbn65gplusbc
torus_switch_X_W2_Y_W2_D_W32_X3_Y2 ZeroWireload tcbn65gplusbc
client_SIGMA3_RATE20_VC_W3_X_W2_Y_W2_X0_Y3_D_W32_N_PACKETS128_X_MAX4_Y_MAX4 ZeroWireload tcbn65gplusbc
torus_switch_X_W2_Y_W2_D_W32_X0_Y3 ZeroWireload tcbn65gplusbc
client_SIGMA3_RATE20_VC_W3_X_W2_Y_W2_X1_Y3_D_W32_N_PACKETS128_X_MAX4_Y_MAX4 ZeroWireload tcbn65gplusbc
torus_switch_X_W2_Y_W2_D_W32_X1_Y3 ZeroWireload tcbn65gplusbc
client_SIGMA3_RATE20_VC_W3_X_W2_Y_W2_X2_Y3_D_W32_N_PACKETS128_X_MAX4_Y_MAX4 ZeroWireload tcbn65gplusbc
torus_switch_X_W2_Y_W2_D_W32_X2_Y3 ZeroWireload tcbn65gplusbc
client_SIGMA3_RATE20_VC_W3_X_W2_Y_W2_X3_Y3_D_W32_N_PACKETS128_X_MAX4_Y_MAX4 ZeroWireload tcbn65gplusbc
torus_switch_X_W2_Y_W2_D_W32_X3_Y3 ZeroWireload tcbn65gplusbc
token_bucket_SIGMA3_RATE20_0 ZeroWireload tcbn65gplusbc
dor_X_W2_Y_W2_X0_Y0    ZeroWireload      tcbn65gplusbc
dor_X_W2_Y_W2_X1_Y0    ZeroWireload      tcbn65gplusbc
dor_X_W2_Y_W2_X2_Y0    ZeroWireload      tcbn65gplusbc
dor_X_W2_Y_W2_X3_Y0    ZeroWireload      tcbn65gplusbc
dor_X_W2_Y_W2_X0_Y1    ZeroWireload      tcbn65gplusbc
dor_X_W2_Y_W2_X1_Y1    ZeroWireload      tcbn65gplusbc
dor_X_W2_Y_W2_X2_Y1    ZeroWireload      tcbn65gplusbc
dor_X_W2_Y_W2_X3_Y1    ZeroWireload      tcbn65gplusbc
dor_X_W2_Y_W2_X0_Y2    ZeroWireload      tcbn65gplusbc
dor_X_W2_Y_W2_X1_Y2    ZeroWireload      tcbn65gplusbc
dor_X_W2_Y_W2_X2_Y2    ZeroWireload      tcbn65gplusbc
dor_X_W2_Y_W2_X3_Y2    ZeroWireload      tcbn65gplusbc
dor_X_W2_Y_W2_X0_Y3    ZeroWireload      tcbn65gplusbc
dor_X_W2_Y_W2_X1_Y3    ZeroWireload      tcbn65gplusbc
dor_X_W2_Y_W2_X2_Y3    ZeroWireload      tcbn65gplusbc
dor_X_W2_Y_W2_X3_Y3    ZeroWireload      tcbn65gplusbc
token_bucket_SIGMA3_RATE20_1 ZeroWireload tcbn65gplusbc
token_bucket_SIGMA3_RATE20_2 ZeroWireload tcbn65gplusbc
token_bucket_SIGMA3_RATE20_3 ZeroWireload tcbn65gplusbc
token_bucket_SIGMA3_RATE20_4 ZeroWireload tcbn65gplusbc
token_bucket_SIGMA3_RATE20_5 ZeroWireload tcbn65gplusbc
token_bucket_SIGMA3_RATE20_6 ZeroWireload tcbn65gplusbc
token_bucket_SIGMA3_RATE20_7 ZeroWireload tcbn65gplusbc
token_bucket_SIGMA3_RATE20_8 ZeroWireload tcbn65gplusbc
token_bucket_SIGMA3_RATE20_9 ZeroWireload tcbn65gplusbc
token_bucket_SIGMA3_RATE20_10 ZeroWireload tcbn65gplusbc
token_bucket_SIGMA3_RATE20_11 ZeroWireload tcbn65gplusbc
token_bucket_SIGMA3_RATE20_12 ZeroWireload tcbn65gplusbc
token_bucket_SIGMA3_RATE20_13 ZeroWireload tcbn65gplusbc
token_bucket_SIGMA3_RATE20_14 ZeroWireload tcbn65gplusbc
token_bucket_SIGMA3_RATE20_15 ZeroWireload tcbn65gplusbc


Global Operating Voltage = 1.1  
Power-specific unit information :
    Voltage Units = 1V
    Capacitance Units = 1.000000pf
    Time Units = 1ns
    Dynamic Power Units = 1mW    (derived from V,C,T units)
    Leakage Power Units = 1nW


--------------------------------------------------------------------------------
                                       Switch   Int      Leak     Total
Hierarchy                              Power    Power    Power    Power    %
--------------------------------------------------------------------------------
torus_D_W32                               0.430   26.670 7.69e+05   27.870 100.0
  ys[3].xs[3].torus_switch_xy (torus_switch_X_W2_Y_W2_D_W32_X3_Y3) 1.01e-02    1.259 2.74e+04    1.297   4.7
    dor_inst (dor_X_W2_Y_W2_X3_Y3)     7.56e-04 8.34e-04  693.120 2.28e-03   0.0
  ys[3].xs[3].client_xy (client_SIGMA3_RATE20_VC_W3_X_W2_Y_W2_X3_Y3_D_W32_N_PACKETS128_X_MAX4_Y_MAX4) 1.55e-02    0.408 1.13e+04    0.435   1.6
    regulator (token_bucket_SIGMA3_RATE20_1) 6.01e-03 7.61e-02 2.39e+03 8.45e-02   0.3
  ys[3].xs[2].torus_switch_xy (torus_switch_X_W2_Y_W2_D_W32_X2_Y3) 1.02e-02    1.255 2.74e+04    1.293   4.6
    dor_inst (dor_X_W2_Y_W2_X2_Y3)     7.56e-04 1.16e-03  725.346 2.64e-03   0.0
  ys[3].xs[2].client_xy (client_SIGMA3_RATE20_VC_W3_X_W2_Y_W2_X2_Y3_D_W32_N_PACKETS128_X_MAX4_Y_MAX4) 1.55e-02    0.408 1.13e+04    0.435   1.6
    regulator (token_bucket_SIGMA3_RATE20_2) 6.01e-03 7.61e-02 2.39e+03 8.45e-02   0.3
  ys[3].xs[1].torus_switch_xy (torus_switch_X_W2_Y_W2_D_W32_X1_Y3) 1.08e-02    1.257 2.74e+04    1.295   4.6
    dor_inst (dor_X_W2_Y_W2_X1_Y3)     1.29e-03 1.52e-03  736.706 3.55e-03   0.0
  ys[3].xs[1].client_xy (client_SIGMA3_RATE20_VC_W3_X_W2_Y_W2_X1_Y3_D_W32_N_PACKETS128_X_MAX4_Y_MAX4) 1.55e-02    0.408 1.13e+04    0.435   1.6
    regulator (token_bucket_SIGMA3_RATE20_3) 6.01e-03 7.61e-02 2.39e+03 8.45e-02   0.3
  ys[3].xs[0].torus_switch_xy (torus_switch_X_W2_Y_W2_D_W32_X0_Y3) 1.08e-02    1.257 2.75e+04    1.295   4.6
    dor_inst (dor_X_W2_Y_W2_X0_Y3)     1.29e-03 1.58e-03  780.264 3.65e-03   0.0
  ys[3].xs[0].client_xy (client_SIGMA3_RATE20_VC_W3_X_W2_Y_W2_X0_Y3_D_W32_N_PACKETS128_X_MAX4_Y_MAX4) 1.55e-02    0.408 1.13e+04    0.435   1.6
    regulator (token_bucket_SIGMA3_RATE20_4) 6.01e-03 7.61e-02 2.39e+03 8.45e-02   0.3
  ys[2].xs[3].torus_switch_xy (torus_switch_X_W2_Y_W2_D_W32_X3_Y2) 1.02e-02    1.255 2.75e+04    1.293   4.6
    dor_inst (dor_X_W2_Y_W2_X3_Y2)     7.56e-04 1.20e-03  790.882 2.74e-03   0.0
  ys[2].xs[3].client_xy (client_SIGMA3_RATE20_VC_W3_X_W2_Y_W2_X3_Y2_D_W32_N_PACKETS128_X_MAX4_Y_MAX4) 1.55e-02    0.408 1.13e+04    0.435   1.6
    regulator (token_bucket_SIGMA3_RATE20_5) 6.01e-03 7.61e-02 2.39e+03 8.45e-02   0.3
  ys[2].xs[2].torus_switch_xy (torus_switch_X_W2_Y_W2_D_W32_X2_Y2) 1.02e-02    1.255 2.75e+04    1.293   4.6
    dor_inst (dor_X_W2_Y_W2_X2_Y2)     7.56e-04 1.52e-03  823.108 3.10e-03   0.0
  ys[2].xs[2].client_xy (client_SIGMA3_RATE20_VC_W3_X_W2_Y_W2_X2_Y2_D_W32_N_PACKETS128_X_MAX4_Y_MAX4) 1.55e-02    0.408 1.13e+04    0.435   1.6
    regulator (token_bucket_SIGMA3_RATE20_6) 6.01e-03 7.61e-02 2.39e+03 8.45e-02   0.3
  ys[2].xs[1].torus_switch_xy (torus_switch_X_W2_Y_W2_D_W32_X1_Y2) 1.08e-02    1.257 2.76e+04    1.295   4.6
    dor_inst (dor_X_W2_Y_W2_X1_Y2)     1.29e-03 1.89e-03  836.636 4.01e-03   0.0
  ys[2].xs[1].client_xy (client_SIGMA3_RATE20_VC_W3_X_W2_Y_W2_X1_Y2_D_W32_N_PACKETS128_X_MAX4_Y_MAX4) 1.55e-02    0.408 1.13e+04    0.435   1.6
    regulator (token_bucket_SIGMA3_RATE20_7) 6.01e-03 7.61e-02 2.39e+03 8.45e-02   0.3
  ys[2].xs[0].torus_switch_xy (torus_switch_X_W2_Y_W2_D_W32_X0_Y2) 1.08e-02    1.257 2.76e+04    1.296   4.6
    dor_inst (dor_X_W2_Y_W2_X0_Y2)     1.28e-03 1.95e-03  909.114 4.14e-03   0.0
  ys[2].xs[0].client_xy (client_SIGMA3_RATE20_VC_W3_X_W2_Y_W2_X0_Y2_D_W32_N_PACKETS128_X_MAX4_Y_MAX4) 1.55e-02    0.408 1.13e+04    0.435   1.6
    regulator (token_bucket_SIGMA3_RATE20_8) 6.01e-03 7.61e-02 2.39e+03 8.45e-02   0.3
  ys[1].xs[3].torus_switch_xy (torus_switch_X_W2_Y_W2_D_W32_X3_Y1) 1.02e-02    1.255 2.75e+04    1.292   4.6
    dor_inst (dor_X_W2_Y_W2_X3_Y1)     7.56e-04 8.35e-04  791.321 2.38e-03   0.0
  ys[1].xs[3].client_xy (client_SIGMA3_RATE20_VC_W3_X_W2_Y_W2_X3_Y1_D_W32_N_PACKETS128_X_MAX4_Y_MAX4) 1.55e-02    0.408 1.13e+04    0.435   1.6
    regulator (token_bucket_SIGMA3_RATE20_9) 6.01e-03 7.61e-02 2.39e+03 8.45e-02   0.3
  ys[1].xs[2].torus_switch_xy (torus_switch_X_W2_Y_W2_D_W32_X2_Y1) 1.02e-02    1.255 2.75e+04    1.293   4.6
    dor_inst (dor_X_W2_Y_W2_X2_Y1)     7.56e-04 1.16e-03  823.547 2.74e-03   0.0
  ys[1].xs[2].client_xy (client_SIGMA3_RATE20_VC_W3_X_W2_Y_W2_X2_Y1_D_W32_N_PACKETS128_X_MAX4_Y_MAX4) 1.55e-02    0.408 1.13e+04    0.435   1.6
    regulator (token_bucket_SIGMA3_RATE20_10) 6.01e-03 7.61e-02 2.39e+03 8.45e-02   0.3
  ys[1].xs[1].torus_switch_xy (torus_switch_X_W2_Y_W2_D_W32_X1_Y1) 1.13e-02    1.263 2.76e+04    1.302   4.7
    dor_inst (dor_X_W2_Y_W2_X1_Y1)     1.64e-03 2.32e-03  834.604 4.79e-03   0.0
  ys[1].xs[1].client_xy (client_SIGMA3_RATE20_VC_W3_X_W2_Y_W2_X1_Y1_D_W32_N_PACKETS128_X_MAX4_Y_MAX4) 2.16e-02    0.411 1.14e+04    0.444   1.6
    regulator (token_bucket_SIGMA3_RATE20_11) 6.01e-03 7.61e-02 2.39e+03 8.45e-02   0.3
  ys[1].xs[0].torus_switch_xy (torus_switch_X_W2_Y_W2_D_W32_X0_Y1) 1.11e-02    1.263 2.76e+04    1.302   4.7
    dor_inst (dor_X_W2_Y_W2_X0_Y1)     1.44e-03 2.05e-03  914.854 4.40e-03   0.0
  ys[1].xs[0].client_xy (client_SIGMA3_RATE20_VC_W3_X_W2_Y_W2_X0_Y1_D_W32_N_PACKETS128_X_MAX4_Y_MAX4) 2.25e-02    0.411 1.13e+04    0.445   1.6
    regulator (token_bucket_SIGMA3_RATE20_12) 6.01e-03 7.61e-02 2.39e+03 8.45e-02   0.3
  ys[0].xs[3].torus_switch_xy (torus_switch_X_W2_Y_W2_D_W32_X3_Y0) 1.02e-02    1.255 2.75e+04    1.292   4.6
    dor_inst (dor_X_W2_Y_W2_X3_Y0)     7.56e-04 8.38e-04  803.560 2.40e-03   0.0
  ys[0].xs[3].client_xy (client_SIGMA3_RATE20_VC_W3_X_W2_Y_W2_X3_Y0_D_W32_N_PACKETS128_X_MAX4_Y_MAX4) 1.55e-02    0.408 1.13e+04    0.435   1.6
    regulator (token_bucket_SIGMA3_RATE20_13) 6.01e-03 7.61e-02 2.39e+03 8.45e-02   0.3
  ys[0].xs[2].torus_switch_xy (torus_switch_X_W2_Y_W2_D_W32_X2_Y0) 1.02e-02    1.255 2.69e+04    1.292   4.6
    dor_inst (dor_X_W2_Y_W2_X2_Y0)     7.56e-04 1.16e-03  835.786 2.75e-03   0.0
  ys[0].xs[2].client_xy (client_SIGMA3_RATE20_VC_W3_X_W2_Y_W2_X2_Y0_D_W32_N_PACKETS128_X_MAX4_Y_MAX4) 1.55e-02    0.408 1.13e+04    0.435   1.6
    regulator (token_bucket_SIGMA3_RATE20_14) 6.01e-03 7.61e-02 2.39e+03 8.45e-02   0.3
  ys[0].xs[1].torus_switch_xy (torus_switch_X_W2_Y_W2_D_W32_X1_Y0) 1.09e-02    1.257 2.64e+04    1.294   4.6
    dor_inst (dor_X_W2_Y_W2_X1_Y0)     1.37e-03 1.79e-03  851.153 4.01e-03   0.0
  ys[0].xs[1].client_xy (client_SIGMA3_RATE20_VC_W3_X_W2_Y_W2_X1_Y0_D_W32_N_PACKETS128_X_MAX4_Y_MAX4) 1.55e-02    0.408 1.13e+04    0.435   1.6
    regulator (token_bucket_SIGMA3_RATE20_15) 6.01e-03 7.61e-02 2.39e+03 8.45e-02   0.3
  ys[0].xs[0].torus_switch_xy (torus_switch_X_W2_Y_W2_D_W32_X0_Y0) 1.10e-02    1.257 2.64e+04    1.295   4.6
    dor_inst (dor_X_W2_Y_W2_X0_Y0)     1.40e-03 2.00e-03  919.800 4.32e-03   0.0
  ys[0].xs[0].client_xy (client_SIGMA3_RATE20_VC_W3_X_W2_Y_W2_X0_Y0_D_W32_N_PACKETS128_X_MAX4_Y_MAX4) 1.56e-02    0.408 1.13e+04    0.435   1.6
    regulator (token_bucket_SIGMA3_RATE20_0) 6.06e-03 7.60e-02 2.37e+03 8.44e-02   0.3
1
