
Cadence Innovus(TM) Implementation System.
Copyright 2021 Cadence Design Systems, Inc. All rights reserved worldwide.

Version:	v21.17-s075_1, built Wed Mar 15 11:17:40 PDT 2023
Options:	-no_gui -execute set asictop torus; set datawidth 32 -files asic-par.tcl 
Date:		Fri Dec  6 00:47:26 2024
Host:		ECEUBUNTU2 (x86_64 w/Linux 4.18.0-553.27.1.el8_10.x86_64) (18cores*72cpus*Intel(R) Xeon(R) Gold 6154 CPU @ 3.00GHz 25344KB)
OS:		Red Hat Enterprise Linux 8.10 (Ootpa)

License:
		[00:47:26.232348] Configured Lic search path (21.01-s002): 6055@cadpass2.eng.uwaterloo.ca:6055@cadpass1.eng.uwaterloo.ca:7055@cadpass1.eng.uwaterloo.ca:7055@cadpass2.eng.uwaterloo.ca

		invs	Innovus Implementation System	21.1	checkout succeeded
		8 CPU jobs allowed with the current license(s). Use setMultiCpuUsage to set your required CPU count.
**WARN: (IMPOPT-801):	Genus executable not found in PATH. Install Genus, add the path to the genus executable in the PATH variable and rerun Innovus.
Change the soft stacksize limit to 0.2%RAM (770 mbytes). Set global soft_stack_size_limit to change the value.

**INFO:  MMMC transition support version v31-84 

<CMD> set_global _enable_mmmc_by_default_flow      $CTE::mmmc_default
<CMD> suppressMessage ENCEXT-2799
<CMD> getVersion
[INFO] Loading PVS  fill procedures
**WARN: Tk package not loaded. The PVS fill DRC monitor is disabled.
Executing cmd 'set asictop torus; set datawidth 32' ...
Sourcing file "asic-par.tcl" ...
<CMD> set init_mmmc_file setup-timing.tcl
<CMD> set init_verilog asic-post-synth.torus.32.v
<CMD> set init_top_cell torus_D_W32
<CMD> set init_lef_file {/CMC/kits/tsmc_65nm_libs/tcbn65gplus_200a/TSMCHOME/digital/Back_End/lef/tcbn65gplus_200a/lef/tcbn65gplus_9lmT2.lef low_swing_rx.lef  low_swing_tx.lef  torus_xbar_1b.lef}
<CMD> set init_gnd_net VSS
<CMD> set init_pwr_net VDD
<CMD> init_design
#% Begin Load MMMC data ... (date=12/06 00:47:43, mem=911.8M)
**ERROR: (TCLCMD-995):	Can not open file 'low_swing_rx_tc.lib' for library set
**ERROR: (TCLCMD-995):	Can not open file 'low_swing_tx_tc.lib' for library set
**ERROR: (IMPSYT-6692):	Invalid return code while executing 'asic-par.tcl' was returned and script processing was stopped. Review the following error in 'asic-par.tcl' then restart.
Error info: asic-par.tcl: 
    while executing
"error "$ret""
    (procedure "::init_design::process_view_def" line 89)
    invoked from within
"::init_design::process_view_def $::init_mmmc_file"
    (procedure "init_design" line 224)
    invoked from within
"init_design"
    (file "asic-par.tcl" line 8)
    invoked from within
"::se_source_orig asic-par.tcl"
    ("uplevel" body line 1)
    invoked from within
"uplevel [concat ::se_source_orig $args]"
    (procedure "source" line 194)
    invoked from within
"source asic-par.tcl"
    ("uplevel" body line 1)
    invoked from within
"uplevel #0 source asic-par.tcl"
    ("eval" body line 1)
    invoked from within
"eval {uplevel #0 source asic-par.tcl}"
    (in namespace inscope "::" script line 1)
    invoked from within
"namespace inscope :: eval "uplevel #0 source $fileName"".
**INFO (INTERRUPT): The current script will stop before next command.
**INFO (INTERRUPT): One more Ctrl-C to exit Innovus ...
Innovus terminated by user interrupt.

*** Memory Usage v#1 (Current mem = 959.637M, initial mem = 486.906M) ***
*** Message Summary: 1 warning(s), 3 error(s)

--- Ending "Innovus" (totcpu=0:00:15.5, real=0:00:26.0, mem=959.6M) ---
